[2020-11-29 20:09:08] production.ERROR: ErrorException: Undefined variable: userGroups in /home/sites/10a/6/65f20492ef/public_html/brighton/core/storage/framework/views/cd3add6bb2940ec2af99261ddbc41a2d869a9d1d.php:1
Stack trace:
#0 /home/sites/10a/6/65f20492ef/public_html/brighton/core/storage/framework/views/cd3add6bb2940ec2af99261ddbc41a2d869a9d1d.php(1): Illuminate\Foundation\Bootstrap\HandleExceptions->handleError(8, 'Undefined varia...', '/home/sites/10a...', 1, Array)
#1 /home/sites/10a/6/65f20492ef/public_html/brighton/core/bootstrap/cache/compiled.php(15327): include('/home/sites/10a...')
#2 /home/sites/10a/6/65f20492ef/public_html/brighton/core/bootstrap/cache/compiled.php(15364): Illuminate\View\Engines\PhpEngine->evaluatePath('/home/sites/10a...', Array)
#3 /home/sites/10a/6/65f20492ef/public_html/brighton/core/bootstrap/cache/compiled.php(15196): Illuminate\View\Engines\CompilerEngine->get('/home/sites/10a...', Array)
#4 /home/sites/10a/6/65f20492ef/public_html/brighton/core/bootstrap/cache/compiled.php(15184): Illuminate\View\View->getContents()
#5 /home/sites/10a/6/65f20492ef/public_html/brighton/core/bootstrap/cache/compiled.php(15168): Illuminate\View\View->renderContents()
#6 /home/sites/10a/6/65f20492ef/public_html/brighton/core/storage/framework/views/79589e79657c005348d00f20bac19a7f88ef6869.php(84): Illuminate\View\View->render()
#7 /home/sites/10a/6/65f20492ef/public_html/brighton/core/bootstrap/cache/compiled.php(15327): include('/home/sites/10a...')
#8 /home/sites/10a/6/65f20492ef/public_html/brighton/core/bootstrap/cache/compiled.php(15364): Illuminate\View\Engines\PhpEngine->evaluatePath('/home/sites/10a...', Array)
#9 /home/sites/10a/6/65f20492ef/public_html/brighton/core/bootstrap/cache/compiled.php(15196): Illuminate\View\Engines\CompilerEngine->get('/home/sites/10a...', Array)
#10 /home/sites/10a/6/65f20492ef/public_html/brighton/core/bootstrap/cache/compiled.php(15184): Illuminate\View\View->getContents()
#11 /home/sites/10a/6/65f20492ef/public_html/brighton/core/bootstrap/cache/compiled.php(15168): Illuminate\View\View->renderContents()
#12 /home/sites/10a/6/65f20492ef/public_html/brighton/core/bootstrap/cache/compiled.php(16415): Illuminate\View\View->render()
#13 /home/sites/10a/6/65f20492ef/public_html/brighton/core/bootstrap/cache/compiled.php(15911): Illuminate\Http\Response->setContent(Object(Illuminate\View\View))
#14 /home/sites/10a/6/65f20492ef/public_html/brighton/core/bootstrap/cache/compiled.php(8373): Symfony\Component\HttpFoundation\Response->__construct(Object(Illuminate\View\View))
#15 /home/sites/10a/6/65f20492ef/public_html/brighton/core/bootstrap/cache/compiled.php(9466): Illuminate\Routing\Router->prepareResponse(Object(Illuminate\Http\Request), Object(Illuminate\View\View))
#16 [internal function]: Illuminate\Routing\ControllerDispatcher->Illuminate\Routing\{closure}(Object(Illuminate\Http\Request))
#17 /home/sites/10a/6/65f20492ef/public_html/brighton/core/vendor/laravel/framework/src/Illuminate/Routing/Pipeline.php(52): call_user_func(Object(Closure), Object(Illuminate\Http\Request))
#18 [internal function]: Illuminate\Routing\Pipeline->Illuminate\Routing\{closure}(Object(Illuminate\Http\Request))
#19 /home/sites/10a/6/65f20492ef/public_html/brighton/core/bootstrap/cache/compiled.php(9948): call_user_func(Object(Closure), Object(Illuminate\Http\Request))
#20 /home/sites/10a/6/65f20492ef/public_html/brighton/core/bootstrap/cache/compiled.php(9467): Illuminate\Pipeline\Pipeline->then(Object(Closure))
#21 /home/sites/10a/6/65f20492ef/public_html/brighton/core/bootstrap/cache/compiled.php(9454): Illuminate\Routing\ControllerDispatcher->callWithinStack(Object(App\Http\Controllers\Front\PagesController), Object(Illuminate\Routing\Route), Object(Illuminate\Http\Request), 'faq')
#22 /home/sites/10a/6/65f20492ef/public_html/brighton/core/bootstrap/cache/compiled.php(8524): Illuminate\Routing\ControllerDispatcher->dispatch(Object(Illuminate\Routing\Route), Object(Illuminate\Http\Request), 'App\\Http\\Contro...', 'faq')
#23 /home/sites/10a/6/65f20492ef/public_html/brighton/core/bootstrap/cache/compiled.php(8511): Illuminate\Routing\Route->runController(Object(Illuminate\Http\Request))
#24 /home/sites/10a/6/65f20492ef/public_html/brighton/core/bootstrap/cache/compiled.php(8225): Illuminate\Routing\Route->run(Object(Illuminate\Http\Request))
#25 [internal function]: Illuminate\Routing\Router->Illuminate\Routing\{closure}(Object(Illuminate\Http\Request))
#26 /home/sites/10a/6/65f20492ef/public_html/brighton/core/vendor/laravel/framework/src/Illuminate/Routing/Pipeline.php(52): call_user_func(Object(Closure), Object(Illuminate\Http\Request))
#27 [internal function]: Illuminate\Routing\Pipeline->Illuminate\Routing\{closure}(Object(Illuminate\Http\Request))
#28 /home/sites/10a/6/65f20492ef/public_html/brighton/core/bootstrap/cache/compiled.php(9948): call_user_func(Object(Closure), Object(Illuminate\Http\Request))
#29 /home/sites/10a/6/65f20492ef/public_html/brighton/core/bootstrap/cache/compiled.php(8226): Illuminate\Pipeline\Pipeline->then(Object(Closure))
#30 /home/sites/10a/6/65f20492ef/public_html/brighton/core/bootstrap/cache/compiled.php(8217): Illuminate\Routing\Router->runRouteWithinStack(Object(Illuminate\Routing\Route), Object(Illuminate\Http\Request))
#31 /home/sites/10a/6/65f20492ef/public_html/brighton/core/bootstrap/cache/compiled.php(8207): Illuminate\Routing\Router->dispatchToRoute(Object(Illuminate\Http\Request))
#32 /home/sites/10a/6/65f20492ef/public_html/brighton/core/bootstrap/cache/compiled.php(2419): Illuminate\Routing\Router->dispatch(Object(Illuminate\Http\Request))
#33 [internal function]: Illuminate\Foundation\Http\Kernel->Illuminate\Foundation\Http\{closure}(Object(Illuminate\Http\Request))
#34 /home/sites/10a/6/65f20492ef/public_html/brighton/core/vendor/laravel/framework/src/Illuminate/Routing/Pipeline.php(52): call_user_func(Object(Closure), Object(Illuminate\Http\Request))
#35 /home/sites/10a/6/65f20492ef/public_html/brighton/core/app/Http/Middleware/App.php(45): Illuminate\Routing\Pipeline->Illuminate\Routing\{closure}(Object(Illuminate\Http\Request))
#36 [internal function]: App\Http\Middleware\App->handle(Object(Illuminate\Http\Request), Object(Closure))
#37 /home/sites/10a/6/65f20492ef/public_html/brighton/core/bootstrap/cache/compiled.php(9963): call_user_func_array(Array, Array)
#38 [internal function]: Illuminate\Pipeline\Pipeline->Illuminate\Pipeline\{closure}(Object(Illuminate\Http\Request))
#39 /home/sites/10a/6/65f20492ef/public_html/brighton/core/vendor/laravel/framework/src/Illuminate/Routing/Pipeline.php(32): call_user_func(Object(Closure), Object(Illuminate\Http\Request))
#40 /home/sites/10a/6/65f20492ef/public_html/brighton/core/bootstrap/cache/compiled.php(3225): Illuminate\Routing\Pipeline->Illuminate\Routing\{closure}(Object(Illuminate\Http\Request))
#41 /home/sites/10a/6/65f20492ef/public_html/brighton/core/app/Http/Middleware/VerifyCsrfToken.php(35): Illuminate\Foundation\Http\Middleware\VerifyCsrfToken->handle(Object(Illuminate\Http\Request), Object(Closure))
#42 [internal function]: App\Http\Middleware\VerifyCsrfToken->handle(Object(Illuminate\Http\Request), Object(Closure))
#43 /home/sites/10a/6/65f20492ef/public_html/brighton/core/bootstrap/cache/compiled.php(9963): call_user_func_array(Array, Array)
#44 [internal function]: Illuminate\Pipeline\Pipeline->Illuminate\Pipeline\{closure}(Object(Illuminate\Http\Request))
#45 /home/sites/10a/6/65f20492ef/public_html/brighton/core/vendor/laravel/framework/src/Illuminate/Routing/Pipeline.php(32): call_user_func(Object(Closure), Object(Illuminate\Http\Request))
#46 /home/sites/10a/6/65f20492ef/public_html/brighton/core/bootstrap/cache/compiled.php(13474): Illuminate\Routing\Pipeline->Illuminate\Routing\{closure}(Object(Illuminate\Http\Request))
#47 [internal function]: Illuminate\View\Middleware\ShareErrorsFromSession->handle(Object(Illuminate\Http\Request), Object(Closure))
#48 /home/sites/10a/6/65f20492ef/public_html/brighton/core/bootstrap/cache/compiled.php(9963): call_user_func_array(Array, Array)
#49 [internal function]: Illuminate\Pipeline\Pipeline->Illuminate\Pipeline\{closure}(Object(Illuminate\Http\Request))
#50 /home/sites/10a/6/65f20492ef/public_html/brighton/core/vendor/laravel/framework/src/Illuminate/Routing/Pipeline.php(32): call_user_func(Object(Closure), Object(Illuminate\Http\Request))
#51 /home/sites/10a/6/65f20492ef/public_html/brighton/core/bootstrap/cache/compiled.php(11964): Illuminate\Routing\Pipeline->Illuminate\Routing\{closure}(Object(Illuminate\Http\Request))
#52 [internal function]: Illuminate\Session\Middleware\StartSession->handle(Object(Illuminate\Http\Request), Object(Closure))
#53 /home/sites/10a/6/65f20492ef/public_html/brighton/core/bootstrap/cache/compiled.php(9963): call_user_func_array(Array, Array)
#54 [internal function]: Illuminate\Pipeline\Pipeline->Illuminate\Pipeline\{closure}(Object(Illuminate\Http\Request))
#55 /home/sites/10a/6/65f20492ef/public_html/brighton/core/vendor/laravel/framework/src/Illuminate/Routing/Pipeline.php(32): call_user_func(Object(Closure), Object(Illuminate\Http\Request))
#56 /home/sites/10a/6/65f20492ef/public_html/brighton/core/bootstrap/cache/compiled.php(13213): Illuminate\Routing\Pipeline->Illuminate\Routing\{closure}(Object(Illuminate\Http\Request))
#57 [internal function]: Illuminate\Cookie\Middleware\AddQueuedCookiesToResponse->handle(Object(Illuminate\Http\Request), Object(Closure))
#58 /home/sites/10a/6/65f20492ef/public_html/brighton/core/bootstrap/cache/compiled.php(9963): call_user_func_array(Array, Array)
#59 [internal function]: Illuminate\Pipeline\Pipeline->Illuminate\Pipeline\{closure}(Object(Illuminate\Http\Request))
#60 /home/sites/10a/6/65f20492ef/public_html/brighton/core/vendor/laravel/framework/src/Illuminate/Routing/Pipeline.php(32): call_user_func(Object(Closure), Object(Illuminate\Http\Request))
#61 /home/sites/10a/6/65f20492ef/public_html/brighton/core/bootstrap/cache/compiled.php(13150): Illuminate\Routing\Pipeline->Illuminate\Routing\{closure}(Object(Illuminate\Http\Request))
#62 [internal function]: Illuminate\Cookie\Middleware\EncryptCookies->handle(Object(Illuminate\Http\Request), Object(Closure))
#63 /home/sites/10a/6/65f20492ef/public_html/brighton/core/bootstrap/cache/compiled.php(9963): call_user_func_array(Array, Array)
#64 [internal function]: Illuminate\Pipeline\Pipeline->Illuminate\Pipeline\{closure}(Object(Illuminate\Http\Request))
#65 /home/sites/10a/6/65f20492ef/public_html/brighton/core/vendor/laravel/framework/src/Illuminate/Routing/Pipeline.php(32): call_user_func(Object(Closure), Object(Illuminate\Http\Request))
#66 /home/sites/10a/6/65f20492ef/public_html/brighton/core/bootstrap/cache/compiled.php(3286): Illuminate\Routing\Pipeline->Illuminate\Routing\{closure}(Object(Illuminate\Http\Request))
#67 [internal function]: Illuminate\Foundation\Http\Middleware\CheckForMaintenanceMode->handle(Object(Illuminate\Http\Request), Object(Closure))
#68 /home/sites/10a/6/65f20492ef/public_html/brighton/core/bootstrap/cache/compiled.php(9963): call_user_func_array(Array, Array)
#69 [internal function]: Illuminate\Pipeline\Pipeline->Illuminate\Pipeline\{closure}(Object(Illuminate\Http\Request))
#70 /home/sites/10a/6/65f20492ef/public_html/brighton/core/vendor/laravel/framework/src/Illuminate/Routing/Pipeline.php(32): call_user_func(Object(Closure), Object(Illuminate\Http\Request))
#71 [internal function]: Illuminate\Routing\Pipeline->Illuminate\Routing\{closure}(Object(Illuminate\Http\Request))
#72 /home/sites/10a/6/65f20492ef/public_html/brighton/core/bootstrap/cache/compiled.php(9948): call_user_func(Object(Closure), Object(Illuminate\Http\Request))
#73 /home/sites/10a/6/65f20492ef/public_html/brighton/core/bootstrap/cache/compiled.php(2366): Illuminate\Pipeline\Pipeline->then(Object(Closure))
#74 /home/sites/10a/6/65f20492ef/public_html/brighton/core/bootstrap/cache/compiled.php(2350): Illuminate\Foundation\Http\Kernel->sendRequestThroughRouter(Object(Illuminate\Http\Request))
#75 /home/sites/10a/6/65f20492ef/public_html/brighton/index.php(52): Illuminate\Foundation\Http\Kernel->handle(Object(Illuminate\Http\Request))
#76 {main}

Next ErrorException: Undefined variable: userGroups (View: /home/sites/10a/6/65f20492ef/public_html/brighton/core/resources/views/front/pricing-info/partials/pricing-info-modals.blade.php) in /home/sites/10a/6/65f20492ef/public_html/brighton/core/storage/framework/views/cd3add6bb2940ec2af99261ddbc41a2d869a9d1d.php:1
Stack trace:
#0 /home/sites/10a/6/65f20492ef/public_html/brighton/core/bootstrap/cache/compiled.php(15329): Illuminate\View\Engines\CompilerEngine->handleViewException(Object(ErrorException), 2)
#1 /home/sites/10a/6/65f20492ef/public_html/brighton/core/bootstrap/cache/compiled.php(15364): Illuminate\View\Engines\PhpEngine->evaluatePath('/home/sites/10a...', Array)
#2 /home/sites/10a/6/65f20492ef/public_html/brighton/core/bootstrap/cache/compiled.php(15196): Illuminate\View\Engines\CompilerEngine->get('/home/sites/10a...', Array)
#3 /home/sites/10a/6/65f20492ef/public_html/brighton/core/bootstrap/cache/compiled.php(15184): Illuminate\View\View->getContents()
#4 /home/sites/10a/6/65f20492ef/public_html/brighton/core/bootstrap/cache/compiled.php(15168): Illuminate\View\View->renderContents()
#5 /home/sites/10a/6/65f20492ef/public_html/brighton/core/storage/framework/views/79589e79657c005348d00f20bac19a7f88ef6869.php(84): Illuminate\View\View->render()
#6 /home/sites/10a/6/65f20492ef/public_html/brighton/core/bootstrap/cache/compiled.php(15327): include('/home/sites/10a...')
#7 /home/sites/10a/6/65f20492ef/public_html/brighton/core/bootstrap/cache/compiled.php(15364): Illuminate\View\Engines\PhpEngine->evaluatePath('/home/sites/10a...', Array)
#8 /home/sites/10a/6/65f20492ef/public_html/brighton/core/bootstrap/cache/compiled.php(15196): Illuminate\View\Engines\CompilerEngine->get('/home/sites/10a...', Array)
#9 /home/sites/10a/6/65f20492ef/public_html/brighton/core/bootstrap/cache/compiled.php(15184): Illuminate\View\View->getContents()
#10 /home/sites/10a/6/65f20492ef/public_html/brighton/core/bootstrap/cache/compiled.php(15168): Illuminate\View\View->renderContents()
#11 /home/sites/10a/6/65f20492ef/public_html/brighton/core/bootstrap/cache/compiled.php(16415): Illuminate\View\View->render()
#12 /home/sites/10a/6/65f20492ef/public_html/brighton/core/bootstrap/cache/compiled.php(15911): Illuminate\Http\Response->setContent(Object(Illuminate\View\View))
#13 /home/sites/10a/6/65f20492ef/public_html/brighton/core/bootstrap/cache/compiled.php(8373): Symfony\Component\HttpFoundation\Response->__construct(Object(Illuminate\View\View))
#14 /home/sites/10a/6/65f20492ef/public_html/brighton/core/bootstrap/cache/compiled.php(9466): Illuminate\Routing\Router->prepareResponse(Object(Illuminate\Http\Request), Object(Illuminate\View\View))
#15 [internal function]: Illuminate\Routing\ControllerDispatcher->Illuminate\Routing\{closure}(Object(Illuminate\Http\Request))
#16 /home/sites/10a/6/65f20492ef/public_html/brighton/core/vendor/laravel/framework/src/Illuminate/Routing/Pipeline.php(52): call_user_func(Object(Closure), Object(Illuminate\Http\Request))
#17 [internal function]: Illuminate\Routing\Pipeline->Illuminate\Routing\{closure}(Object(Illuminate\Http\Request))
#18 /home/sites/10a/6/65f20492ef/public_html/brighton/core/bootstrap/cache/compiled.php(9948): call_user_func(Object(Closure), Object(Illuminate\Http\Request))
#19 /home/sites/10a/6/65f20492ef/public_html/brighton/core/bootstrap/cache/compiled.php(9467): Illuminate\Pipeline\Pipeline->then(Object(Closure))
#20 /home/sites/10a/6/65f20492ef/public_html/brighton/core/bootstrap/cache/compiled.php(9454): Illuminate\Routing\ControllerDispatcher->callWithinStack(Object(App\Http\Controllers\Front\PagesController), Object(Illuminate\Routing\Route), Object(Illuminate\Http\Request), 'faq')
#21 /home/sites/10a/6/65f20492ef/public_html/brighton/core/bootstrap/cache/compiled.php(8524): Illuminate\Routing\ControllerDispatcher->dispatch(Object(Illuminate\Routing\Route), Object(Illuminate\Http\Request), 'App\\Http\\Contro...', 'faq')
#22 /home/sites/10a/6/65f20492ef/public_html/brighton/core/bootstrap/cache/compiled.php(8511): Illuminate\Routing\Route->runController(Object(Illuminate\Http\Request))
#23 /home/sites/10a/6/65f20492ef/public_html/brighton/core/bootstrap/cache/compiled.php(8225): Illuminate\Routing\Route->run(Object(Illuminate\Http\Request))
#24 [internal function]: Illuminate\Routing\Router->Illuminate\Routing\{closure}(Object(Illuminate\Http\Request))
#25 /home/sites/10a/6/65f20492ef/public_html/brighton/core/vendor/laravel/framework/src/Illuminate/Routing/Pipeline.php(52): call_user_func(Object(Closure), Object(Illuminate\Http\Request))
#26 [internal function]: Illuminate\Routing\Pipeline->Illuminate\Routing\{closure}(Object(Illuminate\Http\Request))
#27 /home/sites/10a/6/65f20492ef/public_html/brighton/core/bootstrap/cache/compiled.php(9948): call_user_func(Object(Closure), Object(Illuminate\Http\Request))
#28 /home/sites/10a/6/65f20492ef/public_html/brighton/core/bootstrap/cache/compiled.php(8226): Illuminate\Pipeline\Pipeline->then(Object(Closure))
#29 /home/sites/10a/6/65f20492ef/public_html/brighton/core/bootstrap/cache/compiled.php(8217): Illuminate\Routing\Router->runRouteWithinStack(Object(Illuminate\Routing\Route), Object(Illuminate\Http\Request))
#30 /home/sites/10a/6/65f20492ef/public_html/brighton/core/bootstrap/cache/compiled.php(8207): Illuminate\Routing\Router->dispatchToRoute(Object(Illuminate\Http\Request))
#31 /home/sites/10a/6/65f20492ef/public_html/brighton/core/bootstrap/cache/compiled.php(2419): Illuminate\Routing\Router->dispatch(Object(Illuminate\Http\Request))
#32 [internal function]: Illuminate\Foundation\Http\Kernel->Illuminate\Foundation\Http\{closure}(Object(Illuminate\Http\Request))
#33 /home/sites/10a/6/65f20492ef/public_html/brighton/core/vendor/laravel/framework/src/Illuminate/Routing/Pipeline.php(52): call_user_func(Object(Closure), Object(Illuminate\Http\Request))
#34 /home/sites/10a/6/65f20492ef/public_html/brighton/core/app/Http/Middleware/App.php(45): Illuminate\Routing\Pipeline->Illuminate\Routing\{closure}(Object(Illuminate\Http\Request))
#35 [internal function]: App\Http\Middleware\App->handle(Object(Illuminate\Http\Request), Object(Closure))
#36 /home/sites/10a/6/65f20492ef/public_html/brighton/core/bootstrap/cache/compiled.php(9963): call_user_func_array(Array, Array)
#37 [internal function]: Illuminate\Pipeline\Pipeline->Illuminate\Pipeline\{closure}(Object(Illuminate\Http\Request))
#38 /home/sites/10a/6/65f20492ef/public_html/brighton/core/vendor/laravel/framework/src/Illuminate/Routing/Pipeline.php(32): call_user_func(Object(Closure), Object(Illuminate\Http\Request))
#39 /home/sites/10a/6/65f20492ef/public_html/brighton/core/bootstrap/cache/compiled.php(3225): Illuminate\Routing\Pipeline->Illuminate\Routing\{closure}(Object(Illuminate\Http\Request))
#40 /home/sites/10a/6/65f20492ef/public_html/brighton/core/app/Http/Middleware/VerifyCsrfToken.php(35): Illuminate\Foundation\Http\Middleware\VerifyCsrfToken->handle(Object(Illuminate\Http\Request), Object(Closure))
#41 [internal function]: App\Http\Middleware\VerifyCsrfToken->handle(Object(Illuminate\Http\Request), Object(Closure))
#42 /home/sites/10a/6/65f20492ef/public_html/brighton/core/bootstrap/cache/compiled.php(9963): call_user_func_array(Array, Array)
#43 [internal function]: Illuminate\Pipeline\Pipeline->Illuminate\Pipeline\{closure}(Object(Illuminate\Http\Request))
#44 /home/sites/10a/6/65f20492ef/public_html/brighton/core/vendor/laravel/framework/src/Illuminate/Routing/Pipeline.php(32): call_user_func(Object(Closure), Object(Illuminate\Http\Request))
#45 /home/sites/10a/6/65f20492ef/public_html/brighton/core/bootstrap/cache/compiled.php(13474): Illuminate\Routing\Pipeline->Illuminate\Routing\{closure}(Object(Illuminate\Http\Request))
#46 [internal function]: Illuminate\View\Middleware\ShareErrorsFromSession->handle(Object(Illuminate\Http\Request), Object(Closure))
#47 /home/sites/10a/6/65f20492ef/public_html/brighton/core/bootstrap/cache/compiled.php(9963): call_user_func_array(Array, Array)
#48 [internal function]: Illuminate\Pipeline\Pipeline->Illuminate\Pipeline\{closure}(Object(Illuminate\Http\Request))
#49 /home/sites/10a/6/65f20492ef/public_html/brighton/core/vendor/laravel/framework/src/Illuminate/Routing/Pipeline.php(32): call_user_func(Object(Closure), Object(Illuminate\Http\Request))
#50 /home/sites/10a/6/65f20492ef/public_html/brighton/core/bootstrap/cache/compiled.php(11964): Illuminate\Routing\Pipeline->Illuminate\Routing\{closure}(Object(Illuminate\Http\Request))
#51 [internal function]: Illuminate\Session\Middleware\StartSession->handle(Object(Illuminate\Http\Request), Object(Closure))
#52 /home/sites/10a/6/65f20492ef/public_html/brighton/core/bootstrap/cache/compiled.php(9963): call_user_func_array(Array, Array)
#53 [internal function]: Illuminate\Pipeline\Pipeline->Illuminate\Pipeline\{closure}(Object(Illuminate\Http\Request))
#54 /home/sites/10a/6/65f20492ef/public_html/brighton/core/vendor/laravel/framework/src/Illuminate/Routing/Pipeline.php(32): call_user_func(Object(Closure), Object(Illuminate\Http\Request))
#55 /home/sites/10a/6/65f20492ef/public_html/brighton/core/bootstrap/cache/compiled.php(13213): Illuminate\Routing\Pipeline->Illuminate\Routing\{closure}(Object(Illuminate\Http\Request))
#56 [internal function]: Illuminate\Cookie\Middleware\AddQueuedCookiesToResponse->handle(Object(Illuminate\Http\Request), Object(Closure))
#57 /home/sites/10a/6/65f20492ef/public_html/brighton/core/bootstrap/cache/compiled.php(9963): call_user_func_array(Array, Array)
#58 [internal function]: Illuminate\Pipeline\Pipeline->Illuminate\Pipeline\{closure}(Object(Illuminate\Http\Request))
#59 /home/sites/10a/6/65f20492ef/public_html/brighton/core/vendor/laravel/framework/src/Illuminate/Routing/Pipeline.php(32): call_user_func(Object(Closure), Object(Illuminate\Http\Request))
#60 /home/sites/10a/6/65f20492ef/public_html/brighton/core/bootstrap/cache/compiled.php(13150): Illuminate\Routing\Pipeline->Illuminate\Routing\{closure}(Object(Illuminate\Http\Request))
#61 [internal function]: Illuminate\Cookie\Middleware\EncryptCookies->handle(Object(Illuminate\Http\Request), Object(Closure))
#62 /home/sites/10a/6/65f20492ef/public_html/brighton/core/bootstrap/cache/compiled.php(9963): call_user_func_array(Array, Array)
#63 [internal function]: Illuminate\Pipeline\Pipeline->Illuminate\Pipeline\{closure}(Object(Illuminate\Http\Request))
#64 /home/sites/10a/6/65f20492ef/public_html/brighton/core/vendor/laravel/framework/src/Illuminate/Routing/Pipeline.php(32): call_user_func(Object(Closure), Object(Illuminate\Http\Request))
#65 /home/sites/10a/6/65f20492ef/public_html/brighton/core/bootstrap/cache/compiled.php(3286): Illuminate\Routing\Pipeline->Illuminate\Routing\{closure}(Object(Illuminate\Http\Request))
#66 [internal function]: Illuminate\Foundation\Http\Middleware\CheckForMaintenanceMode->handle(Object(Illuminate\Http\Request), Object(Closure))
#67 /home/sites/10a/6/65f20492ef/public_html/brighton/core/bootstrap/cache/compiled.php(9963): call_user_func_array(Array, Array)
#68 [internal function]: Illuminate\Pipeline\Pipeline->Illuminate\Pipeline\{closure}(Object(Illuminate\Http\Request))
#69 /home/sites/10a/6/65f20492ef/public_html/brighton/core/vendor/laravel/framework/src/Illuminate/Routing/Pipeline.php(32): call_user_func(Object(Closure), Object(Illuminate\Http\Request))
#70 [internal function]: Illuminate\Routing\Pipeline->Illuminate\Routing\{closure}(Object(Illuminate\Http\Request))
#71 /home/sites/10a/6/65f20492ef/public_html/brighton/core/bootstrap/cache/compiled.php(9948): call_user_func(Object(Closure), Object(Illuminate\Http\Request))
#72 /home/sites/10a/6/65f20492ef/public_html/brighton/core/bootstrap/cache/compiled.php(2366): Illuminate\Pipeline\Pipeline->then(Object(Closure))
#73 /home/sites/10a/6/65f20492ef/public_html/brighton/core/bootstrap/cache/compiled.php(2350): Illuminate\Foundation\Http\Kernel->sendRequestThroughRouter(Object(Illuminate\Http\Request))
#74 /home/sites/10a/6/65f20492ef/public_html/brighton/index.php(52): Illuminate\Foundation\Http\Kernel->handle(Object(Illuminate\Http\Request))
#75 {main}

Next ErrorException: Undefined variable: userGroups (View: /home/sites/10a/6/65f20492ef/public_html/brighton/core/resources/views/front/pricing-info/partials/pricing-info-modals.blade.php) (View: /home/sites/10a/6/65f20492ef/public_html/brighton/core/resources/views/front/pricing-info/partials/pricing-info-modals.blade.php) in /home/sites/10a/6/65f20492ef/public_html/brighton/core/storage/framework/views/cd3add6bb2940ec2af99261ddbc41a2d869a9d1d.php:1
Stack trace:
#0 /home/sites/10a/6/65f20492ef/public_html/brighton/core/bootstrap/cache/compiled.php(15329): Illuminate\View\Engines\CompilerEngine->handleViewException(Object(ErrorException), 0)
#1 /home/sites/10a/6/65f20492ef/public_html/brighton/core/bootstrap/cache/compiled.php(15364): Illuminate\View\Engines\PhpEngine->evaluatePath('/home/sites/10a...', Array)
#2 /home/sites/10a/6/65f20492ef/public_html/brighton/core/bootstrap/cache/compiled.php(15196): Illuminate\View\Engines\CompilerEngine->get('/home/sites/10a...', Array)
#3 /home/sites/10a/6/65f20492ef/public_html/brighton/core/bootstrap/cache/compiled.php(15184): Illuminate\View\View->getContents()
#4 /home/sites/10a/6/65f20492ef/public_html/brighton/core/bootstrap/cache/compiled.php(15168): Illuminate\View\View->renderContents()
#5 /home/sites/10a/6/65f20492ef/public_html/brighton/core/bootstrap/cache/compiled.php(16415): Illuminate\View\View->render()
#6 /home/sites/10a/6/65f20492ef/public_html/brighton/core/bootstrap/cache/compiled.php(15911): Illuminate\Http\Response->setContent(Object(Illuminate\View\View))
#7 /home/sites/10a/6/65f20492ef/public_html/brighton/core/bootstrap/cache/compiled.php(8373): Symfony\Component\HttpFoundation\Response->__construct(Object(Illuminate\View\View))
#8 /home/sites/10a/6/65f20492ef/public_html/brighton/core/bootstrap/cache/compiled.php(9466): Illuminate\Routing\Router->prepareResponse(Object(Illuminate\Http\Request), Object(Illuminate\View\View))
#9 [internal function]: Illuminate\Routing\ControllerDispatcher->Illuminate\Routing\{closure}(Object(Illuminate\Http\Request))
#10 /home/sites/10a/6/65f20492ef/public_html/brighton/core/vendor/laravel/framework/src/Illuminate/Routing/Pipeline.php(52): call_user_func(Object(Closure), Object(Illuminate\Http\Request))
#11 [internal function]: Illuminate\Routing\Pipeline->Illuminate\Routing\{closure}(Object(Illuminate\Http\Request))
#12 /home/sites/10a/6/65f20492ef/public_html/brighton/core/bootstrap/cache/compiled.php(9948): call_user_func(Object(Closure), Object(Illuminate\Http\Request))
#13 /home/sites/10a/6/65f20492ef/public_html/brighton/core/bootstrap/cache/compiled.php(9467): Illuminate\Pipeline\Pipeline->then(Object(Closure))
#14 /home/sites/10a/6/65f20492ef/public_html/brighton/core/bootstrap/cache/compiled.php(9454): Illuminate\Routing\ControllerDispatcher->callWithinStack(Object(App\Http\Controllers\Front\PagesController), Object(Illuminate\Routing\Route), Object(Illuminate\Http\Request), 'faq')
#15 /home/sites/10a/6/65f20492ef/public_html/brighton/core/bootstrap/cache/compiled.php(8524): Illuminate\Routing\ControllerDispatcher->dispatch(Object(Illuminate\Routing\Route), Object(Illuminate\Http\Request), 'App\\Http\\Contro...', 'faq')
#16 /home/sites/10a/6/65f20492ef/public_html/brighton/core/bootstrap/cache/compiled.php(8511): Illuminate\Routing\Route->runController(Object(Illuminate\Http\Request))
#17 /home/sites/10a/6/65f20492ef/public_html/brighton/core/bootstrap/cache/compiled.php(8225): Illuminate\Routing\Route->run(Object(Illuminate\Http\Request))
#18 [internal function]: Illuminate\Routing\Router->Illuminate\Routing\{closure}(Object(Illuminate\Http\Request))
#19 /home/sites/10a/6/65f20492ef/public_html/brighton/core/vendor/laravel/framework/src/Illuminate/Routing/Pipeline.php(52): call_user_func(Object(Closure), Object(Illuminate\Http\Request))
#20 [internal function]: Illuminate\Routing\Pipeline->Illuminate\Routing\{closure}(Object(Illuminate\Http\Request))
#21 /home/sites/10a/6/65f20492ef/public_html/brighton/core/bootstrap/cache/compiled.php(9948): call_user_func(Object(Closure), Object(Illuminate\Http\Request))
#22 /home/sites/10a/6/65f20492ef/public_html/brighton/core/bootstrap/cache/compiled.php(8226): Illuminate\Pipeline\Pipeline->then(Object(Closure))
#23 /home/sites/10a/6/65f20492ef/public_html/brighton/core/bootstrap/cache/compiled.php(8217): Illuminate\Routing\Router->runRouteWithinStack(Object(Illuminate\Routing\Route), Object(Illuminate\Http\Request))
#24 /home/sites/10a/6/65f20492ef/public_html/brighton/core/bootstrap/cache/compiled.php(8207): Illuminate\Routing\Router->dispatchToRoute(Object(Illuminate\Http\Request))
#25 /home/sites/10a/6/65f20492ef/public_html/brighton/core/bootstrap/cache/compiled.php(2419): Illuminate\Routing\Router->dispatch(Object(Illuminate\Http\Request))
#26 [internal function]: Illuminate\Foundation\Http\Kernel->Illuminate\Foundation\Http\{closure}(Object(Illuminate\Http\Request))
#27 /home/sites/10a/6/65f20492ef/public_html/brighton/core/vendor/laravel/framework/src/Illuminate/Routing/Pipeline.php(52): call_user_func(Object(Closure), Object(Illuminate\Http\Request))
#28 /home/sites/10a/6/65f20492ef/public_html/brighton/core/app/Http/Middleware/App.php(45): Illuminate\Routing\Pipeline->Illuminate\Routing\{closure}(Object(Illuminate\Http\Request))
#29 [internal function]: App\Http\Middleware\App->handle(Object(Illuminate\Http\Request), Object(Closure))
#30 /home/sites/10a/6/65f20492ef/public_html/brighton/core/bootstrap/cache/compiled.php(9963): call_user_func_array(Array, Array)
#31 [internal function]: Illuminate\Pipeline\Pipeline->Illuminate\Pipeline\{closure}(Object(Illuminate\Http\Request))
#32 /home/sites/10a/6/65f20492ef/public_html/brighton/core/vendor/laravel/framework/src/Illuminate/Routing/Pipeline.php(32): call_user_func(Object(Closure), Object(Illuminate\Http\Request))
#33 /home/sites/10a/6/65f20492ef/public_html/brighton/core/bootstrap/cache/compiled.php(3225): Illuminate\Routing\Pipeline->Illuminate\Routing\{closure}(Object(Illuminate\Http\Request))
#34 /home/sites/10a/6/65f20492ef/public_html/brighton/core/app/Http/Middleware/VerifyCsrfToken.php(35): Illuminate\Foundation\Http\Middleware\VerifyCsrfToken->handle(Object(Illuminate\Http\Request), Object(Closure))
#35 [internal function]: App\Http\Middleware\VerifyCsrfToken->handle(Object(Illuminate\Http\Request), Object(Closure))
#36 /home/sites/10a/6/65f20492ef/public_html/brighton/core/bootstrap/cache/compiled.php(9963): call_user_func_array(Array, Array)
#37 [internal function]: Illuminate\Pipeline\Pipeline->Illuminate\Pipeline\{closure}(Object(Illuminate\Http\Request))
#38 /home/sites/10a/6/65f20492ef/public_html/brighton/core/vendor/laravel/framework/src/Illuminate/Routing/Pipeline.php(32): call_user_func(Object(Closure), Object(Illuminate\Http\Request))
#39 /home/sites/10a/6/65f20492ef/public_html/brighton/core/bootstrap/cache/compiled.php(13474): Illuminate\Routing\Pipeline->Illuminate\Routing\{closure}(Object(Illuminate\Http\Request))
#40 [internal function]: Illuminate\View\Middleware\ShareErrorsFromSession->handle(Object(Illuminate\Http\Request), Object(Closure))
#41 /home/sites/10a/6/65f20492ef/public_html/brighton/core/bootstrap/cache/compiled.php(9963): call_user_func_array(Array, Array)
#42 [internal function]: Illuminate\Pipeline\Pipeline->Illuminate\Pipeline\{closure}(Object(Illuminate\Http\Request))
#43 /home/sites/10a/6/65f20492ef/public_html/brighton/core/vendor/laravel/framework/src/Illuminate/Routing/Pipeline.php(32): call_user_func(Object(Closure), Object(Illuminate\Http\Request))
#44 /home/sites/10a/6/65f20492ef/public_html/brighton/core/bootstrap/cache/compiled.php(11964): Illuminate\Routing\Pipeline->Illuminate\Routing\{closure}(Object(Illuminate\Http\Request))
#45 [internal function]: Illuminate\Session\Middleware\StartSession->handle(Object(Illuminate\Http\Request), Object(Closure))
#46 /home/sites/10a/6/65f20492ef/public_html/brighton/core/bootstrap/cache/compiled.php(9963): call_user_func_array(Array, Array)
#47 [internal function]: Illuminate\Pipeline\Pipeline->Illuminate\Pipeline\{closure}(Object(Illuminate\Http\Request))
#48 /home/sites/10a/6/65f20492ef/public_html/brighton/core/vendor/laravel/framework/src/Illuminate/Routing/Pipeline.php(32): call_user_func(Object(Closure), Object(Illuminate\Http\Request))
#49 /home/sites/10a/6/65f20492ef/public_html/brighton/core/bootstrap/cache/compiled.php(13213): Illuminate\Routing\Pipeline->Illuminate\Routing\{closure}(Object(Illuminate\Http\Request))
#50 [internal function]: Illuminate\Cookie\Middleware\AddQueuedCookiesToResponse->handle(Object(Illuminate\Http\Request), Object(Closure))
#51 /home/sites/10a/6/65f20492ef/public_html/brighton/core/bootstrap/cache/compiled.php(9963): call_user_func_array(Array, Array)
#52 [internal function]: Illuminate\Pipeline\Pipeline->Illuminate\Pipeline\{closure}(Object(Illuminate\Http\Request))
#53 /home/sites/10a/6/65f20492ef/public_html/brighton/core/vendor/laravel/framework/src/Illuminate/Routing/Pipeline.php(32): call_user_func(Object(Closure), Object(Illuminate\Http\Request))
#54 /home/sites/10a/6/65f20492ef/public_html/brighton/core/bootstrap/cache/compiled.php(13150): Illuminate\Routing\Pipeline->Illuminate\Routing\{closure}(Object(Illuminate\Http\Request))
#55 [internal function]: Illuminate\Cookie\Middleware\EncryptCookies->handle(Object(Illuminate\Http\Request), Object(Closure))
#56 /home/sites/10a/6/65f20492ef/public_html/brighton/core/bootstrap/cache/compiled.php(9963): call_user_func_array(Array, Array)
#57 [internal function]: Illuminate\Pipeline\Pipeline->Illuminate\Pipeline\{closure}(Object(Illuminate\Http\Request))
#58 /home/sites/10a/6/65f20492ef/public_html/brighton/core/vendor/laravel/framework/src/Illuminate/Routing/Pipeline.php(32): call_user_func(Object(Closure), Object(Illuminate\Http\Request))
#59 /home/sites/10a/6/65f20492ef/public_html/brighton/core/bootstrap/cache/compiled.php(3286): Illuminate\Routing\Pipeline->Illuminate\Routing\{closure}(Object(Illuminate\Http\Request))
#60 [internal function]: Illuminate\Foundation\Http\Middleware\CheckForMaintenanceMode->handle(Object(Illuminate\Http\Request), Object(Closure))
#61 /home/sites/10a/6/65f20492ef/public_html/brighton/core/bootstrap/cache/compiled.php(9963): call_user_func_array(Array, Array)
#62 [internal function]: Illuminate\Pipeline\Pipeline->Illuminate\Pipeline\{closure}(Object(Illuminate\Http\Request))
#63 /home/sites/10a/6/65f20492ef/public_html/brighton/core/vendor/laravel/framework/src/Illuminate/Routing/Pipeline.php(32): call_user_func(Object(Closure), Object(Illuminate\Http\Request))
#64 [internal function]: Illuminate\Routing\Pipeline->Illuminate\Routing\{closure}(Object(Illuminate\Http\Request))
#65 /home/sites/10a/6/65f20492ef/public_html/brighton/core/bootstrap/cache/compiled.php(9948): call_user_func(Object(Closure), Object(Illuminate\Http\Request))
#66 /home/sites/10a/6/65f20492ef/public_html/brighton/core/bootstrap/cache/compiled.php(2366): Illuminate\Pipeline\Pipeline->then(Object(Closure))
#67 /home/sites/10a/6/65f20492ef/public_html/brighton/core/bootstrap/cache/compiled.php(2350): Illuminate\Foundation\Http\Kernel->sendRequestThroughRouter(Object(Illuminate\Http\Request))
#68 /home/sites/10a/6/65f20492ef/public_html/brighton/index.php(52): Illuminate\Foundation\Http\Kernel->handle(Object(Illuminate\Http\Request))
#69 {main}  
[2020-11-29 20:09:57] production.ERROR: ErrorException: Undefined variable: userGroups in /home/sites/10a/6/65f20492ef/public_html/brighton/core/storage/framework/views/cd3add6bb2940ec2af99261ddbc41a2d869a9d1d.php:1
Stack trace:
#0 /home/sites/10a/6/65f20492ef/public_html/brighton/core/storage/framework/views/cd3add6bb2940ec2af99261ddbc41a2d869a9d1d.php(1): Illuminate\Foundation\Bootstrap\HandleExceptions->handleError(8, 'Undefined varia...', '/home/sites/10a...', 1, Array)
#1 /home/sites/10a/6/65f20492ef/public_html/brighton/core/bootstrap/cache/compiled.php(15327): include('/home/sites/10a...')
#2 /home/sites/10a/6/65f20492ef/public_html/brighton/core/bootstrap/cache/compiled.php(15364): Illuminate\View\Engines\PhpEngine->evaluatePath('/home/sites/10a...', Array)
#3 /home/sites/10a/6/65f20492ef/public_html/brighton/core/bootstrap/cache/compiled.php(15196): Illuminate\View\Engines\CompilerEngine->get('/home/sites/10a...', Array)
#4 /home/sites/10a/6/65f20492ef/public_html/brighton/core/bootstrap/cache/compiled.php(15184): Illuminate\View\View->getContents()
#5 /home/sites/10a/6/65f20492ef/public_html/brighton/core/bootstrap/cache/compiled.php(15168): Illuminate\View\View->renderContents()
#6 /home/sites/10a/6/65f20492ef/public_html/brighton/core/storage/framework/views/79589e79657c005348d00f20bac19a7f88ef6869.php(84): Illuminate\View\View->render()
#7 /home/sites/10a/6/65f20492ef/public_html/brighton/core/bootstrap/cache/compiled.php(15327): include('/home/sites/10a...')
#8 /home/sites/10a/6/65f20492ef/public_html/brighton/core/bootstrap/cache/compiled.php(15364): Illuminate\View\Engines\PhpEngine->evaluatePath('/home/sites/10a...', Array)
#9 /home/sites/10a/6/65f20492ef/public_html/brighton/core/bootstrap/cache/compiled.php(15196): Illuminate\View\Engines\CompilerEngine->get('/home/sites/10a...', Array)
#10 /home/sites/10a/6/65f20492ef/public_html/brighton/core/bootstrap/cache/compiled.php(15184): Illuminate\View\View->getContents()
#11 /home/sites/10a/6/65f20492ef/public_html/brighton/core/bootstrap/cache/compiled.php(15168): Illuminate\View\View->renderContents()
#12 /home/sites/10a/6/65f20492ef/public_html/brighton/core/bootstrap/cache/compiled.php(16415): Illuminate\View\View->render()
#13 /home/sites/10a/6/65f20492ef/public_html/brighton/core/bootstrap/cache/compiled.php(15911): Illuminate\Http\Response->setContent(Object(Illuminate\View\View))
#14 /home/sites/10a/6/65f20492ef/public_html/brighton/core/bootstrap/cache/compiled.php(8373): Symfony\Component\HttpFoundation\Response->__construct(Object(Illuminate\View\View))
#15 /home/sites/10a/6/65f20492ef/public_html/brighton/core/bootstrap/cache/compiled.php(9466): Illuminate\Routing\Router->prepareResponse(Object(Illuminate\Http\Request), Object(Illuminate\View\View))
#16 [internal function]: Illuminate\Routing\ControllerDispatcher->Illuminate\Routing\{closure}(Object(Illuminate\Http\Request))
#17 /home/sites/10a/6/65f20492ef/public_html/brighton/core/vendor/laravel/framework/src/Illuminate/Routing/Pipeline.php(52): call_user_func(Object(Closure), Object(Illuminate\Http\Request))
#18 [internal function]: Illuminate\Routing\Pipeline->Illuminate\Routing\{closure}(Object(Illuminate\Http\Request))
#19 /home/sites/10a/6/65f20492ef/public_html/brighton/core/bootstrap/cache/compiled.php(9948): call_user_func(Object(Closure), Object(Illuminate\Http\Request))
#20 /home/sites/10a/6/65f20492ef/public_html/brighton/core/bootstrap/cache/compiled.php(9467): Illuminate\Pipeline\Pipeline->then(Object(Closure))
#21 /home/sites/10a/6/65f20492ef/public_html/brighton/core/bootstrap/cache/compiled.php(9454): Illuminate\Routing\ControllerDispatcher->callWithinStack(Object(App\Http\Controllers\Front\PagesController), Object(Illuminate\Routing\Route), Object(Illuminate\Http\Request), 'faq')
#22 /home/sites/10a/6/65f20492ef/public_html/brighton/core/bootstrap/cache/compiled.php(8524): Illuminate\Routing\ControllerDispatcher->dispatch(Object(Illuminate\Routing\Route), Object(Illuminate\Http\Request), 'App\\Http\\Contro...', 'faq')
#23 /home/sites/10a/6/65f20492ef/public_html/brighton/core/bootstrap/cache/compiled.php(8511): Illuminate\Routing\Route->runController(Object(Illuminate\Http\Request))
#24 /home/sites/10a/6/65f20492ef/public_html/brighton/core/bootstrap/cache/compiled.php(8225): Illuminate\Routing\Route->run(Object(Illuminate\Http\Request))
#25 [internal function]: Illuminate\Routing\Router->Illuminate\Routing\{closure}(Object(Illuminate\Http\Request))
#26 /home/sites/10a/6/65f20492ef/public_html/brighton/core/vendor/laravel/framework/src/Illuminate/Routing/Pipeline.php(52): call_user_func(Object(Closure), Object(Illuminate\Http\Request))
#27 [internal function]: Illuminate\Routing\Pipeline->Illuminate\Routing\{closure}(Object(Illuminate\Http\Request))
#28 /home/sites/10a/6/65f20492ef/public_html/brighton/core/bootstrap/cache/compiled.php(9948): call_user_func(Object(Closure), Object(Illuminate\Http\Request))
#29 /home/sites/10a/6/65f20492ef/public_html/brighton/core/bootstrap/cache/compiled.php(8226): Illuminate\Pipeline\Pipeline->then(Object(Closure))
#30 /home/sites/10a/6/65f20492ef/public_html/brighton/core/bootstrap/cache/compiled.php(8217): Illuminate\Routing\Router->runRouteWithinStack(Object(Illuminate\Routing\Route), Object(Illuminate\Http\Request))
#31 /home/sites/10a/6/65f20492ef/public_html/brighton/core/bootstrap/cache/compiled.php(8207): Illuminate\Routing\Router->dispatchToRoute(Object(Illuminate\Http\Request))
#32 /home/sites/10a/6/65f20492ef/public_html/brighton/core/bootstrap/cache/compiled.php(2419): Illuminate\Routing\Router->dispatch(Object(Illuminate\Http\Request))
#33 [internal function]: Illuminate\Foundation\Http\Kernel->Illuminate\Foundation\Http\{closure}(Object(Illuminate\Http\Request))
#34 /home/sites/10a/6/65f20492ef/public_html/brighton/core/vendor/laravel/framework/src/Illuminate/Routing/Pipeline.php(52): call_user_func(Object(Closure), Object(Illuminate\Http\Request))
#35 /home/sites/10a/6/65f20492ef/public_html/brighton/core/app/Http/Middleware/App.php(45): Illuminate\Routing\Pipeline->Illuminate\Routing\{closure}(Object(Illuminate\Http\Request))
#36 [internal function]: App\Http\Middleware\App->handle(Object(Illuminate\Http\Request), Object(Closure))
#37 /home/sites/10a/6/65f20492ef/public_html/brighton/core/bootstrap/cache/compiled.php(9963): call_user_func_array(Array, Array)
#38 [internal function]: Illuminate\Pipeline\Pipeline->Illuminate\Pipeline\{closure}(Object(Illuminate\Http\Request))
#39 /home/sites/10a/6/65f20492ef/public_html/brighton/core/vendor/laravel/framework/src/Illuminate/Routing/Pipeline.php(32): call_user_func(Object(Closure), Object(Illuminate\Http\Request))
#40 /home/sites/10a/6/65f20492ef/public_html/brighton/core/bootstrap/cache/compiled.php(3225): Illuminate\Routing\Pipeline->Illuminate\Routing\{closure}(Object(Illuminate\Http\Request))
#41 /home/sites/10a/6/65f20492ef/public_html/brighton/core/app/Http/Middleware/VerifyCsrfToken.php(35): Illuminate\Foundation\Http\Middleware\VerifyCsrfToken->handle(Object(Illuminate\Http\Request), Object(Closure))
#42 [internal function]: App\Http\Middleware\VerifyCsrfToken->handle(Object(Illuminate\Http\Request), Object(Closure))
#43 /home/sites/10a/6/65f20492ef/public_html/brighton/core/bootstrap/cache/compiled.php(9963): call_user_func_array(Array, Array)
#44 [internal function]: Illuminate\Pipeline\Pipeline->Illuminate\Pipeline\{closure}(Object(Illuminate\Http\Request))
#45 /home/sites/10a/6/65f20492ef/public_html/brighton/core/vendor/laravel/framework/src/Illuminate/Routing/Pipeline.php(32): call_user_func(Object(Closure), Object(Illuminate\Http\Request))
#46 /home/sites/10a/6/65f20492ef/public_html/brighton/core/bootstrap/cache/compiled.php(13474): Illuminate\Routing\Pipeline->Illuminate\Routing\{closure}(Object(Illuminate\Http\Request))
#47 [internal function]: Illuminate\View\Middleware\ShareErrorsFromSession->handle(Object(Illuminate\Http\Request), Object(Closure))
#48 /home/sites/10a/6/65f20492ef/public_html/brighton/core/bootstrap/cache/compiled.php(9963): call_user_func_array(Array, Array)
#49 [internal function]: Illuminate\Pipeline\Pipeline->Illuminate\Pipeline\{closure}(Object(Illuminate\Http\Request))
#50 /home/sites/10a/6/65f20492ef/public_html/brighton/core/vendor/laravel/framework/src/Illuminate/Routing/Pipeline.php(32): call_user_func(Object(Closure), Object(Illuminate\Http\Request))
#51 /home/sites/10a/6/65f20492ef/public_html/brighton/core/bootstrap/cache/compiled.php(11964): Illuminate\Routing\Pipeline->Illuminate\Routing\{closure}(Object(Illuminate\Http\Request))
#52 [internal function]: Illuminate\Session\Middleware\StartSession->handle(Object(Illuminate\Http\Request), Object(Closure))
#53 /home/sites/10a/6/65f20492ef/public_html/brighton/core/bootstrap/cache/compiled.php(9963): call_user_func_array(Array, Array)
#54 [internal function]: Illuminate\Pipeline\Pipeline->Illuminate\Pipeline\{closure}(Object(Illuminate\Http\Request))
#55 /home/sites/10a/6/65f20492ef/public_html/brighton/core/vendor/laravel/framework/src/Illuminate/Routing/Pipeline.php(32): call_user_func(Object(Closure), Object(Illuminate\Http\Request))
#56 /home/sites/10a/6/65f20492ef/public_html/brighton/core/bootstrap/cache/compiled.php(13213): Illuminate\Routing\Pipeline->Illuminate\Routing\{closure}(Object(Illuminate\Http\Request))
#57 [internal function]: Illuminate\Cookie\Middleware\AddQueuedCookiesToResponse->handle(Object(Illuminate\Http\Request), Object(Closure))
#58 /home/sites/10a/6/65f20492ef/public_html/brighton/core/bootstrap/cache/compiled.php(9963): call_user_func_array(Array, Array)
#59 [internal function]: Illuminate\Pipeline\Pipeline->Illuminate\Pipeline\{closure}(Object(Illuminate\Http\Request))
#60 /home/sites/10a/6/65f20492ef/public_html/brighton/core/vendor/laravel/framework/src/Illuminate/Routing/Pipeline.php(32): call_user_func(Object(Closure), Object(Illuminate\Http\Request))
#61 /home/sites/10a/6/65f20492ef/public_html/brighton/core/bootstrap/cache/compiled.php(13150): Illuminate\Routing\Pipeline->Illuminate\Routing\{closure}(Object(Illuminate\Http\Request))
#62 [internal function]: Illuminate\Cookie\Middleware\EncryptCookies->handle(Object(Illuminate\Http\Request), Object(Closure))
#63 /home/sites/10a/6/65f20492ef/public_html/brighton/core/bootstrap/cache/compiled.php(9963): call_user_func_array(Array, Array)
#64 [internal function]: Illuminate\Pipeline\Pipeline->Illuminate\Pipeline\{closure}(Object(Illuminate\Http\Request))
#65 /home/sites/10a/6/65f20492ef/public_html/brighton/core/vendor/laravel/framework/src/Illuminate/Routing/Pipeline.php(32): call_user_func(Object(Closure), Object(Illuminate\Http\Request))
#66 /home/sites/10a/6/65f20492ef/public_html/brighton/core/bootstrap/cache/compiled.php(3286): Illuminate\Routing\Pipeline->Illuminate\Routing\{closure}(Object(Illuminate\Http\Request))
#67 [internal function]: Illuminate\Foundation\Http\Middleware\CheckForMaintenanceMode->handle(Object(Illuminate\Http\Request), Object(Closure))
#68 /home/sites/10a/6/65f20492ef/public_html/brighton/core/bootstrap/cache/compiled.php(9963): call_user_func_array(Array, Array)
#69 [internal function]: Illuminate\Pipeline\Pipeline->Illuminate\Pipeline\{closure}(Object(Illuminate\Http\Request))
#70 /home/sites/10a/6/65f20492ef/public_html/brighton/core/vendor/laravel/framework/src/Illuminate/Routing/Pipeline.php(32): call_user_func(Object(Closure), Object(Illuminate\Http\Request))
#71 [internal function]: Illuminate\Routing\Pipeline->Illuminate\Routing\{closure}(Object(Illuminate\Http\Request))
#72 /home/sites/10a/6/65f20492ef/public_html/brighton/core/bootstrap/cache/compiled.php(9948): call_user_func(Object(Closure), Object(Illuminate\Http\Request))
#73 /home/sites/10a/6/65f20492ef/public_html/brighton/core/bootstrap/cache/compiled.php(2366): Illuminate\Pipeline\Pipeline->then(Object(Closure))
#74 /home/sites/10a/6/65f20492ef/public_html/brighton/core/bootstrap/cache/compiled.php(2350): Illuminate\Foundation\Http\Kernel->sendRequestThroughRouter(Object(Illuminate\Http\Request))
#75 /home/sites/10a/6/65f20492ef/public_html/brighton/index.php(52): Illuminate\Foundation\Http\Kernel->handle(Object(Illuminate\Http\Request))
#76 {main}

Next ErrorException: Undefined variable: userGroups (View: /home/sites/10a/6/65f20492ef/public_html/brighton/core/resources/views/front/pricing-info/partials/pricing-info-modals.blade.php) in /home/sites/10a/6/65f20492ef/public_html/brighton/core/storage/framework/views/cd3add6bb2940ec2af99261ddbc41a2d869a9d1d.php:1
Stack trace:
#0 /home/sites/10a/6/65f20492ef/public_html/brighton/core/bootstrap/cache/compiled.php(15329): Illuminate\View\Engines\CompilerEngine->handleViewException(Object(ErrorException), 2)
#1 /home/sites/10a/6/65f20492ef/public_html/brighton/core/bootstrap/cache/compiled.php(15364): Illuminate\View\Engines\PhpEngine->evaluatePath('/home/sites/10a...', Array)
#2 /home/sites/10a/6/65f20492ef/public_html/brighton/core/bootstrap/cache/compiled.php(15196): Illuminate\View\Engines\CompilerEngine->get('/home/sites/10a...', Array)
#3 /home/sites/10a/6/65f20492ef/public_html/brighton/core/bootstrap/cache/compiled.php(15184): Illuminate\View\View->getContents()
#4 /home/sites/10a/6/65f20492ef/public_html/brighton/core/bootstrap/cache/compiled.php(15168): Illuminate\View\View->renderContents()
#5 /home/sites/10a/6/65f20492ef/public_html/brighton/core/storage/framework/views/79589e79657c005348d00f20bac19a7f88ef6869.php(84): Illuminate\View\View->render()
#6 /home/sites/10a/6/65f20492ef/public_html/brighton/core/bootstrap/cache/compiled.php(15327): include('/home/sites/10a...')
#7 /home/sites/10a/6/65f20492ef/public_html/brighton/core/bootstrap/cache/compiled.php(15364): Illuminate\View\Engines\PhpEngine->evaluatePath('/home/sites/10a...', Array)
#8 /home/sites/10a/6/65f20492ef/public_html/brighton/core/bootstrap/cache/compiled.php(15196): Illuminate\View\Engines\CompilerEngine->get('/home/sites/10a...', Array)
#9 /home/sites/10a/6/65f20492ef/public_html/brighton/core/bootstrap/cache/compiled.php(15184): Illuminate\View\View->getContents()
#10 /home/sites/10a/6/65f20492ef/public_html/brighton/core/bootstrap/cache/compiled.php(15168): Illuminate\View\View->renderContents()
#11 /home/sites/10a/6/65f20492ef/public_html/brighton/core/bootstrap/cache/compiled.php(16415): Illuminate\View\View->render()
#12 /home/sites/10a/6/65f20492ef/public_html/brighton/core/bootstrap/cache/compiled.php(15911): Illuminate\Http\Response->setContent(Object(Illuminate\View\View))
#13 /home/sites/10a/6/65f20492ef/public_html/brighton/core/bootstrap/cache/compiled.php(8373): Symfony\Component\HttpFoundation\Response->__construct(Object(Illuminate\View\View))
#14 /home/sites/10a/6/65f20492ef/public_html/brighton/core/bootstrap/cache/compiled.php(9466): Illuminate\Routing\Router->prepareResponse(Object(Illuminate\Http\Request), Object(Illuminate\View\View))
#15 [internal function]: Illuminate\Routing\ControllerDispatcher->Illuminate\Routing\{closure}(Object(Illuminate\Http\Request))
#16 /home/sites/10a/6/65f20492ef/public_html/brighton/core/vendor/laravel/framework/src/Illuminate/Routing/Pipeline.php(52): call_user_func(Object(Closure), Object(Illuminate\Http\Request))
#17 [internal function]: Illuminate\Routing\Pipeline->Illuminate\Routing\{closure}(Object(Illuminate\Http\Request))
#18 /home/sites/10a/6/65f20492ef/public_html/brighton/core/bootstrap/cache/compiled.php(9948): call_user_func(Object(Closure), Object(Illuminate\Http\Request))
#19 /home/sites/10a/6/65f20492ef/public_html/brighton/core/bootstrap/cache/compiled.php(9467): Illuminate\Pipeline\Pipeline->then(Object(Closure))
#20 /home/sites/10a/6/65f20492ef/public_html/brighton/core/bootstrap/cache/compiled.php(9454): Illuminate\Routing\ControllerDispatcher->callWithinStack(Object(App\Http\Controllers\Front\PagesController), Object(Illuminate\Routing\Route), Object(Illuminate\Http\Request), 'faq')
#21 /home/sites/10a/6/65f20492ef/public_html/brighton/core/bootstrap/cache/compiled.php(8524): Illuminate\Routing\ControllerDispatcher->dispatch(Object(Illuminate\Routing\Route), Object(Illuminate\Http\Request), 'App\\Http\\Contro...', 'faq')
#22 /home/sites/10a/6/65f20492ef/public_html/brighton/core/bootstrap/cache/compiled.php(8511): Illuminate\Routing\Route->runController(Object(Illuminate\Http\Request))
#23 /home/sites/10a/6/65f20492ef/public_html/brighton/core/bootstrap/cache/compiled.php(8225): Illuminate\Routing\Route->run(Object(Illuminate\Http\Request))
#24 [internal function]: Illuminate\Routing\Router->Illuminate\Routing\{closure}(Object(Illuminate\Http\Request))
#25 /home/sites/10a/6/65f20492ef/public_html/brighton/core/vendor/laravel/framework/src/Illuminate/Routing/Pipeline.php(52): call_user_func(Object(Closure), Object(Illuminate\Http\Request))
#26 [internal function]: Illuminate\Routing\Pipeline->Illuminate\Routing\{closure}(Object(Illuminate\Http\Request))
#27 /home/sites/10a/6/65f20492ef/public_html/brighton/core/bootstrap/cache/compiled.php(9948): call_user_func(Object(Closure), Object(Illuminate\Http\Request))
#28 /home/sites/10a/6/65f20492ef/public_html/brighton/core/bootstrap/cache/compiled.php(8226): Illuminate\Pipeline\Pipeline->then(Object(Closure))
#29 /home/sites/10a/6/65f20492ef/public_html/brighton/core/bootstrap/cache/compiled.php(8217): Illuminate\Routing\Router->runRouteWithinStack(Object(Illuminate\Routing\Route), Object(Illuminate\Http\Request))
#30 /home/sites/10a/6/65f20492ef/public_html/brighton/core/bootstrap/cache/compiled.php(8207): Illuminate\Routing\Router->dispatchToRoute(Object(Illuminate\Http\Request))
#31 /home/sites/10a/6/65f20492ef/public_html/brighton/core/bootstrap/cache/compiled.php(2419): Illuminate\Routing\Router->dispatch(Object(Illuminate\Http\Request))
#32 [internal function]: Illuminate\Foundation\Http\Kernel->Illuminate\Foundation\Http\{closure}(Object(Illuminate\Http\Request))
#33 /home/sites/10a/6/65f20492ef/public_html/brighton/core/vendor/laravel/framework/src/Illuminate/Routing/Pipeline.php(52): call_user_func(Object(Closure), Object(Illuminate\Http\Request))
#34 /home/sites/10a/6/65f20492ef/public_html/brighton/core/app/Http/Middleware/App.php(45): Illuminate\Routing\Pipeline->Illuminate\Routing\{closure}(Object(Illuminate\Http\Request))
#35 [internal function]: App\Http\Middleware\App->handle(Object(Illuminate\Http\Request), Object(Closure))
#36 /home/sites/10a/6/65f20492ef/public_html/brighton/core/bootstrap/cache/compiled.php(9963): call_user_func_array(Array, Array)
#37 [internal function]: Illuminate\Pipeline\Pipeline->Illuminate\Pipeline\{closure}(Object(Illuminate\Http\Request))
#38 /home/sites/10a/6/65f20492ef/public_html/brighton/core/vendor/laravel/framework/src/Illuminate/Routing/Pipeline.php(32): call_user_func(Object(Closure), Object(Illuminate\Http\Request))
#39 /home/sites/10a/6/65f20492ef/public_html/brighton/core/bootstrap/cache/compiled.php(3225): Illuminate\Routing\Pipeline->Illuminate\Routing\{closure}(Object(Illuminate\Http\Request))
#40 /home/sites/10a/6/65f20492ef/public_html/brighton/core/app/Http/Middleware/VerifyCsrfToken.php(35): Illuminate\Foundation\Http\Middleware\VerifyCsrfToken->handle(Object(Illuminate\Http\Request), Object(Closure))
#41 [internal function]: App\Http\Middleware\VerifyCsrfToken->handle(Object(Illuminate\Http\Request), Object(Closure))
#42 /home/sites/10a/6/65f20492ef/public_html/brighton/core/bootstrap/cache/compiled.php(9963): call_user_func_array(Array, Array)
#43 [internal function]: Illuminate\Pipeline\Pipeline->Illuminate\Pipeline\{closure}(Object(Illuminate\Http\Request))
#44 /home/sites/10a/6/65f20492ef/public_html/brighton/core/vendor/laravel/framework/src/Illuminate/Routing/Pipeline.php(32): call_user_func(Object(Closure), Object(Illuminate\Http\Request))
#45 /home/sites/10a/6/65f20492ef/public_html/brighton/core/bootstrap/cache/compiled.php(13474): Illuminate\Routing\Pipeline->Illuminate\Routing\{closure}(Object(Illuminate\Http\Request))
#46 [internal function]: Illuminate\View\Middleware\ShareErrorsFromSession->handle(Object(Illuminate\Http\Request), Object(Closure))
#47 /home/sites/10a/6/65f20492ef/public_html/brighton/core/bootstrap/cache/compiled.php(9963): call_user_func_array(Array, Array)
#48 [internal function]: Illuminate\Pipeline\Pipeline->Illuminate\Pipeline\{closure}(Object(Illuminate\Http\Request))
#49 /home/sites/10a/6/65f20492ef/public_html/brighton/core/vendor/laravel/framework/src/Illuminate/Routing/Pipeline.php(32): call_user_func(Object(Closure), Object(Illuminate\Http\Request))
#50 /home/sites/10a/6/65f20492ef/public_html/brighton/core/bootstrap/cache/compiled.php(11964): Illuminate\Routing\Pipeline->Illuminate\Routing\{closure}(Object(Illuminate\Http\Request))
#51 [internal function]: Illuminate\Session\Middleware\StartSession->handle(Object(Illuminate\Http\Request), Object(Closure))
#52 /home/sites/10a/6/65f20492ef/public_html/brighton/core/bootstrap/cache/compiled.php(9963): call_user_func_array(Array, Array)
#53 [internal function]: Illuminate\Pipeline\Pipeline->Illuminate\Pipeline\{closure}(Object(Illuminate\Http\Request))
#54 /home/sites/10a/6/65f20492ef/public_html/brighton/core/vendor/laravel/framework/src/Illuminate/Routing/Pipeline.php(32): call_user_func(Object(Closure), Object(Illuminate\Http\Request))
#55 /home/sites/10a/6/65f20492ef/public_html/brighton/core/bootstrap/cache/compiled.php(13213): Illuminate\Routing\Pipeline->Illuminate\Routing\{closure}(Object(Illuminate\Http\Request))
#56 [internal function]: Illuminate\Cookie\Middleware\AddQueuedCookiesToResponse->handle(Object(Illuminate\Http\Request), Object(Closure))
#57 /home/sites/10a/6/65f20492ef/public_html/brighton/core/bootstrap/cache/compiled.php(9963): call_user_func_array(Array, Array)
#58 [internal function]: Illuminate\Pipeline\Pipeline->Illuminate\Pipeline\{closure}(Object(Illuminate\Http\Request))
#59 /home/sites/10a/6/65f20492ef/public_html/brighton/core/vendor/laravel/framework/src/Illuminate/Routing/Pipeline.php(32): call_user_func(Object(Closure), Object(Illuminate\Http\Request))
#60 /home/sites/10a/6/65f20492ef/public_html/brighton/core/bootstrap/cache/compiled.php(13150): Illuminate\Routing\Pipeline->Illuminate\Routing\{closure}(Object(Illuminate\Http\Request))
#61 [internal function]: Illuminate\Cookie\Middleware\EncryptCookies->handle(Object(Illuminate\Http\Request), Object(Closure))
#62 /home/sites/10a/6/65f20492ef/public_html/brighton/core/bootstrap/cache/compiled.php(9963): call_user_func_array(Array, Array)
#63 [internal function]: Illuminate\Pipeline\Pipeline->Illuminate\Pipeline\{closure}(Object(Illuminate\Http\Request))
#64 /home/sites/10a/6/65f20492ef/public_html/brighton/core/vendor/laravel/framework/src/Illuminate/Routing/Pipeline.php(32): call_user_func(Object(Closure), Object(Illuminate\Http\Request))
#65 /home/sites/10a/6/65f20492ef/public_html/brighton/core/bootstrap/cache/compiled.php(3286): Illuminate\Routing\Pipeline->Illuminate\Routing\{closure}(Object(Illuminate\Http\Request))
#66 [internal function]: Illuminate\Foundation\Http\Middleware\CheckForMaintenanceMode->handle(Object(Illuminate\Http\Request), Object(Closure))
#67 /home/sites/10a/6/65f20492ef/public_html/brighton/core/bootstrap/cache/compiled.php(9963): call_user_func_array(Array, Array)
#68 [internal function]: Illuminate\Pipeline\Pipeline->Illuminate\Pipeline\{closure}(Object(Illuminate\Http\Request))
#69 /home/sites/10a/6/65f20492ef/public_html/brighton/core/vendor/laravel/framework/src/Illuminate/Routing/Pipeline.php(32): call_user_func(Object(Closure), Object(Illuminate\Http\Request))
#70 [internal function]: Illuminate\Routing\Pipeline->Illuminate\Routing\{closure}(Object(Illuminate\Http\Request))
#71 /home/sites/10a/6/65f20492ef/public_html/brighton/core/bootstrap/cache/compiled.php(9948): call_user_func(Object(Closure), Object(Illuminate\Http\Request))
#72 /home/sites/10a/6/65f20492ef/public_html/brighton/core/bootstrap/cache/compiled.php(2366): Illuminate\Pipeline\Pipeline->then(Object(Closure))
#73 /home/sites/10a/6/65f20492ef/public_html/brighton/core/bootstrap/cache/compiled.php(2350): Illuminate\Foundation\Http\Kernel->sendRequestThroughRouter(Object(Illuminate\Http\Request))
#74 /home/sites/10a/6/65f20492ef/public_html/brighton/index.php(52): Illuminate\Foundation\Http\Kernel->handle(Object(Illuminate\Http\Request))
#75 {main}

Next ErrorException: Undefined variable: userGroups (View: /home/sites/10a/6/65f20492ef/public_html/brighton/core/resources/views/front/pricing-info/partials/pricing-info-modals.blade.php) (View: /home/sites/10a/6/65f20492ef/public_html/brighton/core/resources/views/front/pricing-info/partials/pricing-info-modals.blade.php) in /home/sites/10a/6/65f20492ef/public_html/brighton/core/storage/framework/views/cd3add6bb2940ec2af99261ddbc41a2d869a9d1d.php:1
Stack trace:
#0 /home/sites/10a/6/65f20492ef/public_html/brighton/core/bootstrap/cache/compiled.php(15329): Illuminate\View\Engines\CompilerEngine->handleViewException(Object(ErrorException), 0)
#1 /home/sites/10a/6/65f20492ef/public_html/brighton/core/bootstrap/cache/compiled.php(15364): Illuminate\View\Engines\PhpEngine->evaluatePath('/home/sites/10a...', Array)
#2 /home/sites/10a/6/65f20492ef/public_html/brighton/core/bootstrap/cache/compiled.php(15196): Illuminate\View\Engines\CompilerEngine->get('/home/sites/10a...', Array)
#3 /home/sites/10a/6/65f20492ef/public_html/brighton/core/bootstrap/cache/compiled.php(15184): Illuminate\View\View->getContents()
#4 /home/sites/10a/6/65f20492ef/public_html/brighton/core/bootstrap/cache/compiled.php(15168): Illuminate\View\View->renderContents()
#5 /home/sites/10a/6/65f20492ef/public_html/brighton/core/bootstrap/cache/compiled.php(16415): Illuminate\View\View->render()
#6 /home/sites/10a/6/65f20492ef/public_html/brighton/core/bootstrap/cache/compiled.php(15911): Illuminate\Http\Response->setContent(Object(Illuminate\View\View))
#7 /home/sites/10a/6/65f20492ef/public_html/brighton/core/bootstrap/cache/compiled.php(8373): Symfony\Component\HttpFoundation\Response->__construct(Object(Illuminate\View\View))
#8 /home/sites/10a/6/65f20492ef/public_html/brighton/core/bootstrap/cache/compiled.php(9466): Illuminate\Routing\Router->prepareResponse(Object(Illuminate\Http\Request), Object(Illuminate\View\View))
#9 [internal function]: Illuminate\Routing\ControllerDispatcher->Illuminate\Routing\{closure}(Object(Illuminate\Http\Request))
#10 /home/sites/10a/6/65f20492ef/public_html/brighton/core/vendor/laravel/framework/src/Illuminate/Routing/Pipeline.php(52): call_user_func(Object(Closure), Object(Illuminate\Http\Request))
#11 [internal function]: Illuminate\Routing\Pipeline->Illuminate\Routing\{closure}(Object(Illuminate\Http\Request))
#12 /home/sites/10a/6/65f20492ef/public_html/brighton/core/bootstrap/cache/compiled.php(9948): call_user_func(Object(Closure), Object(Illuminate\Http\Request))
#13 /home/sites/10a/6/65f20492ef/public_html/brighton/core/bootstrap/cache/compiled.php(9467): Illuminate\Pipeline\Pipeline->then(Object(Closure))
#14 /home/sites/10a/6/65f20492ef/public_html/brighton/core/bootstrap/cache/compiled.php(9454): Illuminate\Routing\ControllerDispatcher->callWithinStack(Object(App\Http\Controllers\Front\PagesController), Object(Illuminate\Routing\Route), Object(Illuminate\Http\Request), 'faq')
#15 /home/sites/10a/6/65f20492ef/public_html/brighton/core/bootstrap/cache/compiled.php(8524): Illuminate\Routing\ControllerDispatcher->dispatch(Object(Illuminate\Routing\Route), Object(Illuminate\Http\Request), 'App\\Http\\Contro...', 'faq')
#16 /home/sites/10a/6/65f20492ef/public_html/brighton/core/bootstrap/cache/compiled.php(8511): Illuminate\Routing\Route->runController(Object(Illuminate\Http\Request))
#17 /home/sites/10a/6/65f20492ef/public_html/brighton/core/bootstrap/cache/compiled.php(8225): Illuminate\Routing\Route->run(Object(Illuminate\Http\Request))
#18 [internal function]: Illuminate\Routing\Router->Illuminate\Routing\{closure}(Object(Illuminate\Http\Request))
#19 /home/sites/10a/6/65f20492ef/public_html/brighton/core/vendor/laravel/framework/src/Illuminate/Routing/Pipeline.php(52): call_user_func(Object(Closure), Object(Illuminate\Http\Request))
#20 [internal function]: Illuminate\Routing\Pipeline->Illuminate\Routing\{closure}(Object(Illuminate\Http\Request))
#21 /home/sites/10a/6/65f20492ef/public_html/brighton/core/bootstrap/cache/compiled.php(9948): call_user_func(Object(Closure), Object(Illuminate\Http\Request))
#22 /home/sites/10a/6/65f20492ef/public_html/brighton/core/bootstrap/cache/compiled.php(8226): Illuminate\Pipeline\Pipeline->then(Object(Closure))
#23 /home/sites/10a/6/65f20492ef/public_html/brighton/core/bootstrap/cache/compiled.php(8217): Illuminate\Routing\Router->runRouteWithinStack(Object(Illuminate\Routing\Route), Object(Illuminate\Http\Request))
#24 /home/sites/10a/6/65f20492ef/public_html/brighton/core/bootstrap/cache/compiled.php(8207): Illuminate\Routing\Router->dispatchToRoute(Object(Illuminate\Http\Request))
#25 /home/sites/10a/6/65f20492ef/public_html/brighton/core/bootstrap/cache/compiled.php(2419): Illuminate\Routing\Router->dispatch(Object(Illuminate\Http\Request))
#26 [internal function]: Illuminate\Foundation\Http\Kernel->Illuminate\Foundation\Http\{closure}(Object(Illuminate\Http\Request))
#27 /home/sites/10a/6/65f20492ef/public_html/brighton/core/vendor/laravel/framework/src/Illuminate/Routing/Pipeline.php(52): call_user_func(Object(Closure), Object(Illuminate\Http\Request))
#28 /home/sites/10a/6/65f20492ef/public_html/brighton/core/app/Http/Middleware/App.php(45): Illuminate\Routing\Pipeline->Illuminate\Routing\{closure}(Object(Illuminate\Http\Request))
#29 [internal function]: App\Http\Middleware\App->handle(Object(Illuminate\Http\Request), Object(Closure))
#30 /home/sites/10a/6/65f20492ef/public_html/brighton/core/bootstrap/cache/compiled.php(9963): call_user_func_array(Array, Array)
#31 [internal function]: Illuminate\Pipeline\Pipeline->Illuminate\Pipeline\{closure}(Object(Illuminate\Http\Request))
#32 /home/sites/10a/6/65f20492ef/public_html/brighton/core/vendor/laravel/framework/src/Illuminate/Routing/Pipeline.php(32): call_user_func(Object(Closure), Object(Illuminate\Http\Request))
#33 /home/sites/10a/6/65f20492ef/public_html/brighton/core/bootstrap/cache/compiled.php(3225): Illuminate\Routing\Pipeline->Illuminate\Routing\{closure}(Object(Illuminate\Http\Request))
#34 /home/sites/10a/6/65f20492ef/public_html/brighton/core/app/Http/Middleware/VerifyCsrfToken.php(35): Illuminate\Foundation\Http\Middleware\VerifyCsrfToken->handle(Object(Illuminate\Http\Request), Object(Closure))
#35 [internal function]: App\Http\Middleware\VerifyCsrfToken->handle(Object(Illuminate\Http\Request), Object(Closure))
#36 /home/sites/10a/6/65f20492ef/public_html/brighton/core/bootstrap/cache/compiled.php(9963): call_user_func_array(Array, Array)
#37 [internal function]: Illuminate\Pipeline\Pipeline->Illuminate\Pipeline\{closure}(Object(Illuminate\Http\Request))
#38 /home/sites/10a/6/65f20492ef/public_html/brighton/core/vendor/laravel/framework/src/Illuminate/Routing/Pipeline.php(32): call_user_func(Object(Closure), Object(Illuminate\Http\Request))
#39 /home/sites/10a/6/65f20492ef/public_html/brighton/core/bootstrap/cache/compiled.php(13474): Illuminate\Routing\Pipeline->Illuminate\Routing\{closure}(Object(Illuminate\Http\Request))
#40 [internal function]: Illuminate\View\Middleware\ShareErrorsFromSession->handle(Object(Illuminate\Http\Request), Object(Closure))
#41 /home/sites/10a/6/65f20492ef/public_html/brighton/core/bootstrap/cache/compiled.php(9963): call_user_func_array(Array, Array)
#42 [internal function]: Illuminate\Pipeline\Pipeline->Illuminate\Pipeline\{closure}(Object(Illuminate\Http\Request))
#43 /home/sites/10a/6/65f20492ef/public_html/brighton/core/vendor/laravel/framework/src/Illuminate/Routing/Pipeline.php(32): call_user_func(Object(Closure), Object(Illuminate\Http\Request))
#44 /home/sites/10a/6/65f20492ef/public_html/brighton/core/bootstrap/cache/compiled.php(11964): Illuminate\Routing\Pipeline->Illuminate\Routing\{closure}(Object(Illuminate\Http\Request))
#45 [internal function]: Illuminate\Session\Middleware\StartSession->handle(Object(Illuminate\Http\Request), Object(Closure))
#46 /home/sites/10a/6/65f20492ef/public_html/brighton/core/bootstrap/cache/compiled.php(9963): call_user_func_array(Array, Array)
#47 [internal function]: Illuminate\Pipeline\Pipeline->Illuminate\Pipeline\{closure}(Object(Illuminate\Http\Request))
#48 /home/sites/10a/6/65f20492ef/public_html/brighton/core/vendor/laravel/framework/src/Illuminate/Routing/Pipeline.php(32): call_user_func(Object(Closure), Object(Illuminate\Http\Request))
#49 /home/sites/10a/6/65f20492ef/public_html/brighton/core/bootstrap/cache/compiled.php(13213): Illuminate\Routing\Pipeline->Illuminate\Routing\{closure}(Object(Illuminate\Http\Request))
#50 [internal function]: Illuminate\Cookie\Middleware\AddQueuedCookiesToResponse->handle(Object(Illuminate\Http\Request), Object(Closure))
#51 /home/sites/10a/6/65f20492ef/public_html/brighton/core/bootstrap/cache/compiled.php(9963): call_user_func_array(Array, Array)
#52 [internal function]: Illuminate\Pipeline\Pipeline->Illuminate\Pipeline\{closure}(Object(Illuminate\Http\Request))
#53 /home/sites/10a/6/65f20492ef/public_html/brighton/core/vendor/laravel/framework/src/Illuminate/Routing/Pipeline.php(32): call_user_func(Object(Closure), Object(Illuminate\Http\Request))
#54 /home/sites/10a/6/65f20492ef/public_html/brighton/core/bootstrap/cache/compiled.php(13150): Illuminate\Routing\Pipeline->Illuminate\Routing\{closure}(Object(Illuminate\Http\Request))
#55 [internal function]: Illuminate\Cookie\Middleware\EncryptCookies->handle(Object(Illuminate\Http\Request), Object(Closure))
#56 /home/sites/10a/6/65f20492ef/public_html/brighton/core/bootstrap/cache/compiled.php(9963): call_user_func_array(Array, Array)
#57 [internal function]: Illuminate\Pipeline\Pipeline->Illuminate\Pipeline\{closure}(Object(Illuminate\Http\Request))
#58 /home/sites/10a/6/65f20492ef/public_html/brighton/core/vendor/laravel/framework/src/Illuminate/Routing/Pipeline.php(32): call_user_func(Object(Closure), Object(Illuminate\Http\Request))
#59 /home/sites/10a/6/65f20492ef/public_html/brighton/core/bootstrap/cache/compiled.php(3286): Illuminate\Routing\Pipeline->Illuminate\Routing\{closure}(Object(Illuminate\Http\Request))
#60 [internal function]: Illuminate\Foundation\Http\Middleware\CheckForMaintenanceMode->handle(Object(Illuminate\Http\Request), Object(Closure))
#61 /home/sites/10a/6/65f20492ef/public_html/brighton/core/bootstrap/cache/compiled.php(9963): call_user_func_array(Array, Array)
#62 [internal function]: Illuminate\Pipeline\Pipeline->Illuminate\Pipeline\{closure}(Object(Illuminate\Http\Request))
#63 /home/sites/10a/6/65f20492ef/public_html/brighton/core/vendor/laravel/framework/src/Illuminate/Routing/Pipeline.php(32): call_user_func(Object(Closure), Object(Illuminate\Http\Request))
#64 [internal function]: Illuminate\Routing\Pipeline->Illuminate\Routing\{closure}(Object(Illuminate\Http\Request))
#65 /home/sites/10a/6/65f20492ef/public_html/brighton/core/bootstrap/cache/compiled.php(9948): call_user_func(Object(Closure), Object(Illuminate\Http\Request))
#66 /home/sites/10a/6/65f20492ef/public_html/brighton/core/bootstrap/cache/compiled.php(2366): Illuminate\Pipeline\Pipeline->then(Object(Closure))
#67 /home/sites/10a/6/65f20492ef/public_html/brighton/core/bootstrap/cache/compiled.php(2350): Illuminate\Foundation\Http\Kernel->sendRequestThroughRouter(Object(Illuminate\Http\Request))
#68 /home/sites/10a/6/65f20492ef/public_html/brighton/index.php(52): Illuminate\Foundation\Http\Kernel->handle(Object(Illuminate\Http\Request))
#69 {main}  
