[2020-11-28 13:57:01] production.ERROR: Illuminate\Session\TokenMismatchException in /home/sites/10a/6/65f20492ef/public_html/brighton/core/bootstrap/cache/compiled.php:3227
Stack trace:
#0 /home/sites/10a/6/65f20492ef/public_html/brighton/core/app/Http/Middleware/VerifyCsrfToken.php(35): Illuminate\Foundation\Http\Middleware\VerifyCsrfToken->handle(Object(Illuminate\Http\Request), Object(Closure))
#1 [internal function]: App\Http\Middleware\VerifyCsrfToken->handle(Object(Illuminate\Http\Request), Object(Closure))
#2 /home/sites/10a/6/65f20492ef/public_html/brighton/core/bootstrap/cache/compiled.php(9963): call_user_func_array(Array, Array)
#3 [internal function]: Illuminate\Pipeline\Pipeline->Illuminate\Pipeline\{closure}(Object(Illuminate\Http\Request))
#4 /home/sites/10a/6/65f20492ef/public_html/brighton/core/vendor/laravel/framework/src/Illuminate/Routing/Pipeline.php(32): call_user_func(Object(Closure), Object(Illuminate\Http\Request))
#5 /home/sites/10a/6/65f20492ef/public_html/brighton/core/bootstrap/cache/compiled.php(13474): Illuminate\Routing\Pipeline->Illuminate\Routing\{closure}(Object(Illuminate\Http\Request))
#6 [internal function]: Illuminate\View\Middleware\ShareErrorsFromSession->handle(Object(Illuminate\Http\Request), Object(Closure))
#7 /home/sites/10a/6/65f20492ef/public_html/brighton/core/bootstrap/cache/compiled.php(9963): call_user_func_array(Array, Array)
#8 [internal function]: Illuminate\Pipeline\Pipeline->Illuminate\Pipeline\{closure}(Object(Illuminate\Http\Request))
#9 /home/sites/10a/6/65f20492ef/public_html/brighton/core/vendor/laravel/framework/src/Illuminate/Routing/Pipeline.php(32): call_user_func(Object(Closure), Object(Illuminate\Http\Request))
#10 /home/sites/10a/6/65f20492ef/public_html/brighton/core/bootstrap/cache/compiled.php(11964): Illuminate\Routing\Pipeline->Illuminate\Routing\{closure}(Object(Illuminate\Http\Request))
#11 [internal function]: Illuminate\Session\Middleware\StartSession->handle(Object(Illuminate\Http\Request), Object(Closure))
#12 /home/sites/10a/6/65f20492ef/public_html/brighton/core/bootstrap/cache/compiled.php(9963): call_user_func_array(Array, Array)
#13 [internal function]: Illuminate\Pipeline\Pipeline->Illuminate\Pipeline\{closure}(Object(Illuminate\Http\Request))
#14 /home/sites/10a/6/65f20492ef/public_html/brighton/core/vendor/laravel/framework/src/Illuminate/Routing/Pipeline.php(32): call_user_func(Object(Closure), Object(Illuminate\Http\Request))
#15 /home/sites/10a/6/65f20492ef/public_html/brighton/core/bootstrap/cache/compiled.php(13213): Illuminate\Routing\Pipeline->Illuminate\Routing\{closure}(Object(Illuminate\Http\Request))
#16 [internal function]: Illuminate\Cookie\Middleware\AddQueuedCookiesToResponse->handle(Object(Illuminate\Http\Request), Object(Closure))
#17 /home/sites/10a/6/65f20492ef/public_html/brighton/core/bootstrap/cache/compiled.php(9963): call_user_func_array(Array, Array)
#18 [internal function]: Illuminate\Pipeline\Pipeline->Illuminate\Pipeline\{closure}(Object(Illuminate\Http\Request))
#19 /home/sites/10a/6/65f20492ef/public_html/brighton/core/vendor/laravel/framework/src/Illuminate/Routing/Pipeline.php(32): call_user_func(Object(Closure), Object(Illuminate\Http\Request))
#20 /home/sites/10a/6/65f20492ef/public_html/brighton/core/bootstrap/cache/compiled.php(13150): Illuminate\Routing\Pipeline->Illuminate\Routing\{closure}(Object(Illuminate\Http\Request))
#21 [internal function]: Illuminate\Cookie\Middleware\EncryptCookies->handle(Object(Illuminate\Http\Request), Object(Closure))
#22 /home/sites/10a/6/65f20492ef/public_html/brighton/core/bootstrap/cache/compiled.php(9963): call_user_func_array(Array, Array)
#23 [internal function]: Illuminate\Pipeline\Pipeline->Illuminate\Pipeline\{closure}(Object(Illuminate\Http\Request))
#24 /home/sites/10a/6/65f20492ef/public_html/brighton/core/vendor/laravel/framework/src/Illuminate/Routing/Pipeline.php(32): call_user_func(Object(Closure), Object(Illuminate\Http\Request))
#25 /home/sites/10a/6/65f20492ef/public_html/brighton/core/bootstrap/cache/compiled.php(3286): Illuminate\Routing\Pipeline->Illuminate\Routing\{closure}(Object(Illuminate\Http\Request))
#26 [internal function]: Illuminate\Foundation\Http\Middleware\CheckForMaintenanceMode->handle(Object(Illuminate\Http\Request), Object(Closure))
#27 /home/sites/10a/6/65f20492ef/public_html/brighton/core/bootstrap/cache/compiled.php(9963): call_user_func_array(Array, Array)
#28 [internal function]: Illuminate\Pipeline\Pipeline->Illuminate\Pipeline\{closure}(Object(Illuminate\Http\Request))
#29 /home/sites/10a/6/65f20492ef/public_html/brighton/core/vendor/laravel/framework/src/Illuminate/Routing/Pipeline.php(32): call_user_func(Object(Closure), Object(Illuminate\Http\Request))
#30 [internal function]: Illuminate\Routing\Pipeline->Illuminate\Routing\{closure}(Object(Illuminate\Http\Request))
#31 /home/sites/10a/6/65f20492ef/public_html/brighton/core/bootstrap/cache/compiled.php(9948): call_user_func(Object(Closure), Object(Illuminate\Http\Request))
#32 /home/sites/10a/6/65f20492ef/public_html/brighton/core/bootstrap/cache/compiled.php(2366): Illuminate\Pipeline\Pipeline->then(Object(Closure))
#33 /home/sites/10a/6/65f20492ef/public_html/brighton/core/bootstrap/cache/compiled.php(2350): Illuminate\Foundation\Http\Kernel->sendRequestThroughRouter(Object(Illuminate\Http\Request))
#34 /home/sites/10a/6/65f20492ef/public_html/brighton/index.php(52): Illuminate\Foundation\Http\Kernel->handle(Object(Illuminate\Http\Request))
#35 {main}  
[2020-11-28 13:57:16] production.ERROR: Illuminate\Session\TokenMismatchException in /home/sites/10a/6/65f20492ef/public_html/brighton/core/bootstrap/cache/compiled.php:3227
Stack trace:
#0 /home/sites/10a/6/65f20492ef/public_html/brighton/core/app/Http/Middleware/VerifyCsrfToken.php(35): Illuminate\Foundation\Http\Middleware\VerifyCsrfToken->handle(Object(Illuminate\Http\Request), Object(Closure))
#1 [internal function]: App\Http\Middleware\VerifyCsrfToken->handle(Object(Illuminate\Http\Request), Object(Closure))
#2 /home/sites/10a/6/65f20492ef/public_html/brighton/core/bootstrap/cache/compiled.php(9963): call_user_func_array(Array, Array)
#3 [internal function]: Illuminate\Pipeline\Pipeline->Illuminate\Pipeline\{closure}(Object(Illuminate\Http\Request))
#4 /home/sites/10a/6/65f20492ef/public_html/brighton/core/vendor/laravel/framework/src/Illuminate/Routing/Pipeline.php(32): call_user_func(Object(Closure), Object(Illuminate\Http\Request))
#5 /home/sites/10a/6/65f20492ef/public_html/brighton/core/bootstrap/cache/compiled.php(13474): Illuminate\Routing\Pipeline->Illuminate\Routing\{closure}(Object(Illuminate\Http\Request))
#6 [internal function]: Illuminate\View\Middleware\ShareErrorsFromSession->handle(Object(Illuminate\Http\Request), Object(Closure))
#7 /home/sites/10a/6/65f20492ef/public_html/brighton/core/bootstrap/cache/compiled.php(9963): call_user_func_array(Array, Array)
#8 [internal function]: Illuminate\Pipeline\Pipeline->Illuminate\Pipeline\{closure}(Object(Illuminate\Http\Request))
#9 /home/sites/10a/6/65f20492ef/public_html/brighton/core/vendor/laravel/framework/src/Illuminate/Routing/Pipeline.php(32): call_user_func(Object(Closure), Object(Illuminate\Http\Request))
#10 /home/sites/10a/6/65f20492ef/public_html/brighton/core/bootstrap/cache/compiled.php(11964): Illuminate\Routing\Pipeline->Illuminate\Routing\{closure}(Object(Illuminate\Http\Request))
#11 [internal function]: Illuminate\Session\Middleware\StartSession->handle(Object(Illuminate\Http\Request), Object(Closure))
#12 /home/sites/10a/6/65f20492ef/public_html/brighton/core/bootstrap/cache/compiled.php(9963): call_user_func_array(Array, Array)
#13 [internal function]: Illuminate\Pipeline\Pipeline->Illuminate\Pipeline\{closure}(Object(Illuminate\Http\Request))
#14 /home/sites/10a/6/65f20492ef/public_html/brighton/core/vendor/laravel/framework/src/Illuminate/Routing/Pipeline.php(32): call_user_func(Object(Closure), Object(Illuminate\Http\Request))
#15 /home/sites/10a/6/65f20492ef/public_html/brighton/core/bootstrap/cache/compiled.php(13213): Illuminate\Routing\Pipeline->Illuminate\Routing\{closure}(Object(Illuminate\Http\Request))
#16 [internal function]: Illuminate\Cookie\Middleware\AddQueuedCookiesToResponse->handle(Object(Illuminate\Http\Request), Object(Closure))
#17 /home/sites/10a/6/65f20492ef/public_html/brighton/core/bootstrap/cache/compiled.php(9963): call_user_func_array(Array, Array)
#18 [internal function]: Illuminate\Pipeline\Pipeline->Illuminate\Pipeline\{closure}(Object(Illuminate\Http\Request))
#19 /home/sites/10a/6/65f20492ef/public_html/brighton/core/vendor/laravel/framework/src/Illuminate/Routing/Pipeline.php(32): call_user_func(Object(Closure), Object(Illuminate\Http\Request))
#20 /home/sites/10a/6/65f20492ef/public_html/brighton/core/bootstrap/cache/compiled.php(13150): Illuminate\Routing\Pipeline->Illuminate\Routing\{closure}(Object(Illuminate\Http\Request))
#21 [internal function]: Illuminate\Cookie\Middleware\EncryptCookies->handle(Object(Illuminate\Http\Request), Object(Closure))
#22 /home/sites/10a/6/65f20492ef/public_html/brighton/core/bootstrap/cache/compiled.php(9963): call_user_func_array(Array, Array)
#23 [internal function]: Illuminate\Pipeline\Pipeline->Illuminate\Pipeline\{closure}(Object(Illuminate\Http\Request))
#24 /home/sites/10a/6/65f20492ef/public_html/brighton/core/vendor/laravel/framework/src/Illuminate/Routing/Pipeline.php(32): call_user_func(Object(Closure), Object(Illuminate\Http\Request))
#25 /home/sites/10a/6/65f20492ef/public_html/brighton/core/bootstrap/cache/compiled.php(3286): Illuminate\Routing\Pipeline->Illuminate\Routing\{closure}(Object(Illuminate\Http\Request))
#26 [internal function]: Illuminate\Foundation\Http\Middleware\CheckForMaintenanceMode->handle(Object(Illuminate\Http\Request), Object(Closure))
#27 /home/sites/10a/6/65f20492ef/public_html/brighton/core/bootstrap/cache/compiled.php(9963): call_user_func_array(Array, Array)
#28 [internal function]: Illuminate\Pipeline\Pipeline->Illuminate\Pipeline\{closure}(Object(Illuminate\Http\Request))
#29 /home/sites/10a/6/65f20492ef/public_html/brighton/core/vendor/laravel/framework/src/Illuminate/Routing/Pipeline.php(32): call_user_func(Object(Closure), Object(Illuminate\Http\Request))
#30 [internal function]: Illuminate\Routing\Pipeline->Illuminate\Routing\{closure}(Object(Illuminate\Http\Request))
#31 /home/sites/10a/6/65f20492ef/public_html/brighton/core/bootstrap/cache/compiled.php(9948): call_user_func(Object(Closure), Object(Illuminate\Http\Request))
#32 /home/sites/10a/6/65f20492ef/public_html/brighton/core/bootstrap/cache/compiled.php(2366): Illuminate\Pipeline\Pipeline->then(Object(Closure))
#33 /home/sites/10a/6/65f20492ef/public_html/brighton/core/bootstrap/cache/compiled.php(2350): Illuminate\Foundation\Http\Kernel->sendRequestThroughRouter(Object(Illuminate\Http\Request))
#34 /home/sites/10a/6/65f20492ef/public_html/brighton/index.php(52): Illuminate\Foundation\Http\Kernel->handle(Object(Illuminate\Http\Request))
#35 {main}  
[2020-11-28 14:05:09] production.ERROR: Illuminate\Session\TokenMismatchException in /home/sites/10a/6/65f20492ef/public_html/brighton/core/bootstrap/cache/compiled.php:3227
Stack trace:
#0 /home/sites/10a/6/65f20492ef/public_html/brighton/core/app/Http/Middleware/VerifyCsrfToken.php(35): Illuminate\Foundation\Http\Middleware\VerifyCsrfToken->handle(Object(Illuminate\Http\Request), Object(Closure))
#1 [internal function]: App\Http\Middleware\VerifyCsrfToken->handle(Object(Illuminate\Http\Request), Object(Closure))
#2 /home/sites/10a/6/65f20492ef/public_html/brighton/core/bootstrap/cache/compiled.php(9963): call_user_func_array(Array, Array)
#3 [internal function]: Illuminate\Pipeline\Pipeline->Illuminate\Pipeline\{closure}(Object(Illuminate\Http\Request))
#4 /home/sites/10a/6/65f20492ef/public_html/brighton/core/vendor/laravel/framework/src/Illuminate/Routing/Pipeline.php(32): call_user_func(Object(Closure), Object(Illuminate\Http\Request))
#5 /home/sites/10a/6/65f20492ef/public_html/brighton/core/bootstrap/cache/compiled.php(13474): Illuminate\Routing\Pipeline->Illuminate\Routing\{closure}(Object(Illuminate\Http\Request))
#6 [internal function]: Illuminate\View\Middleware\ShareErrorsFromSession->handle(Object(Illuminate\Http\Request), Object(Closure))
#7 /home/sites/10a/6/65f20492ef/public_html/brighton/core/bootstrap/cache/compiled.php(9963): call_user_func_array(Array, Array)
#8 [internal function]: Illuminate\Pipeline\Pipeline->Illuminate\Pipeline\{closure}(Object(Illuminate\Http\Request))
#9 /home/sites/10a/6/65f20492ef/public_html/brighton/core/vendor/laravel/framework/src/Illuminate/Routing/Pipeline.php(32): call_user_func(Object(Closure), Object(Illuminate\Http\Request))
#10 /home/sites/10a/6/65f20492ef/public_html/brighton/core/bootstrap/cache/compiled.php(11964): Illuminate\Routing\Pipeline->Illuminate\Routing\{closure}(Object(Illuminate\Http\Request))
#11 [internal function]: Illuminate\Session\Middleware\StartSession->handle(Object(Illuminate\Http\Request), Object(Closure))
#12 /home/sites/10a/6/65f20492ef/public_html/brighton/core/bootstrap/cache/compiled.php(9963): call_user_func_array(Array, Array)
#13 [internal function]: Illuminate\Pipeline\Pipeline->Illuminate\Pipeline\{closure}(Object(Illuminate\Http\Request))
#14 /home/sites/10a/6/65f20492ef/public_html/brighton/core/vendor/laravel/framework/src/Illuminate/Routing/Pipeline.php(32): call_user_func(Object(Closure), Object(Illuminate\Http\Request))
#15 /home/sites/10a/6/65f20492ef/public_html/brighton/core/bootstrap/cache/compiled.php(13213): Illuminate\Routing\Pipeline->Illuminate\Routing\{closure}(Object(Illuminate\Http\Request))
#16 [internal function]: Illuminate\Cookie\Middleware\AddQueuedCookiesToResponse->handle(Object(Illuminate\Http\Request), Object(Closure))
#17 /home/sites/10a/6/65f20492ef/public_html/brighton/core/bootstrap/cache/compiled.php(9963): call_user_func_array(Array, Array)
#18 [internal function]: Illuminate\Pipeline\Pipeline->Illuminate\Pipeline\{closure}(Object(Illuminate\Http\Request))
#19 /home/sites/10a/6/65f20492ef/public_html/brighton/core/vendor/laravel/framework/src/Illuminate/Routing/Pipeline.php(32): call_user_func(Object(Closure), Object(Illuminate\Http\Request))
#20 /home/sites/10a/6/65f20492ef/public_html/brighton/core/bootstrap/cache/compiled.php(13150): Illuminate\Routing\Pipeline->Illuminate\Routing\{closure}(Object(Illuminate\Http\Request))
#21 [internal function]: Illuminate\Cookie\Middleware\EncryptCookies->handle(Object(Illuminate\Http\Request), Object(Closure))
#22 /home/sites/10a/6/65f20492ef/public_html/brighton/core/bootstrap/cache/compiled.php(9963): call_user_func_array(Array, Array)
#23 [internal function]: Illuminate\Pipeline\Pipeline->Illuminate\Pipeline\{closure}(Object(Illuminate\Http\Request))
#24 /home/sites/10a/6/65f20492ef/public_html/brighton/core/vendor/laravel/framework/src/Illuminate/Routing/Pipeline.php(32): call_user_func(Object(Closure), Object(Illuminate\Http\Request))
#25 /home/sites/10a/6/65f20492ef/public_html/brighton/core/bootstrap/cache/compiled.php(3286): Illuminate\Routing\Pipeline->Illuminate\Routing\{closure}(Object(Illuminate\Http\Request))
#26 [internal function]: Illuminate\Foundation\Http\Middleware\CheckForMaintenanceMode->handle(Object(Illuminate\Http\Request), Object(Closure))
#27 /home/sites/10a/6/65f20492ef/public_html/brighton/core/bootstrap/cache/compiled.php(9963): call_user_func_array(Array, Array)
#28 [internal function]: Illuminate\Pipeline\Pipeline->Illuminate\Pipeline\{closure}(Object(Illuminate\Http\Request))
#29 /home/sites/10a/6/65f20492ef/public_html/brighton/core/vendor/laravel/framework/src/Illuminate/Routing/Pipeline.php(32): call_user_func(Object(Closure), Object(Illuminate\Http\Request))
#30 [internal function]: Illuminate\Routing\Pipeline->Illuminate\Routing\{closure}(Object(Illuminate\Http\Request))
#31 /home/sites/10a/6/65f20492ef/public_html/brighton/core/bootstrap/cache/compiled.php(9948): call_user_func(Object(Closure), Object(Illuminate\Http\Request))
#32 /home/sites/10a/6/65f20492ef/public_html/brighton/core/bootstrap/cache/compiled.php(2366): Illuminate\Pipeline\Pipeline->then(Object(Closure))
#33 /home/sites/10a/6/65f20492ef/public_html/brighton/core/bootstrap/cache/compiled.php(2350): Illuminate\Foundation\Http\Kernel->sendRequestThroughRouter(Object(Illuminate\Http\Request))
#34 /home/sites/10a/6/65f20492ef/public_html/brighton/index.php(52): Illuminate\Foundation\Http\Kernel->handle(Object(Illuminate\Http\Request))
#35 {main}  
